

Started GET "/" for 127.0.0.1 at 2016-01-29 00:28:50 +0800

ActiveRecord::PendingMigrationError (

Migrations are pending. To resolve this issue, run:

	bin/rake db:migrate RAILS_ENV=development

):
  activerecord (4.1.14.1) lib/active_record/migration.rb:389:in `check_pending!'
  activerecord (4.1.14.1) lib/active_record/migration.rb:377:in `call'
  actionpack (4.1.14.1) lib/action_dispatch/middleware/callbacks.rb:29:in `block in call'
  activesupport (4.1.14.1) lib/active_support/callbacks.rb:82:in `run_callbacks'
  actionpack (4.1.14.1) lib/action_dispatch/middleware/callbacks.rb:27:in `call'
  actionpack (4.1.14.1) lib/action_dispatch/middleware/reloader.rb:73:in `call'
  actionpack (4.1.14.1) lib/action_dispatch/middleware/remote_ip.rb:76:in `call'
  actionpack (4.1.14.1) lib/action_dispatch/middleware/debug_exceptions.rb:17:in `call'
  actionpack (4.1.14.1) lib/action_dispatch/middleware/show_exceptions.rb:30:in `call'
  railties (4.1.14.1) lib/rails/rack/logger.rb:38:in `call_app'
  railties (4.1.14.1) lib/rails/rack/logger.rb:20:in `block in call'
  activesupport (4.1.14.1) lib/active_support/tagged_logging.rb:68:in `block in tagged'
  activesupport (4.1.14.1) lib/active_support/tagged_logging.rb:26:in `tagged'
  activesupport (4.1.14.1) lib/active_support/tagged_logging.rb:68:in `tagged'
  railties (4.1.14.1) lib/rails/rack/logger.rb:20:in `call'
  actionpack (4.1.14.1) lib/action_dispatch/middleware/request_id.rb:21:in `call'
  rack (1.5.5) lib/rack/methodoverride.rb:21:in `call'
  rack (1.5.5) lib/rack/runtime.rb:17:in `call'
  activesupport (4.1.14.1) lib/active_support/cache/strategy/local_cache_middleware.rb:26:in `call'
  rack (1.5.5) lib/rack/lock.rb:17:in `call'
  actionpack (4.1.14.1) lib/action_dispatch/middleware/static.rb:84:in `call'
  rack (1.5.5) lib/rack/sendfile.rb:112:in `call'
  railties (4.1.14.1) lib/rails/engine.rb:514:in `call'
  railties (4.1.14.1) lib/rails/application.rb:144:in `call'
  rack (1.5.5) lib/rack/lock.rb:17:in `call'
  rack (1.5.5) lib/rack/content_length.rb:14:in `call'
  rack (1.5.5) lib/rack/handler/webrick.rb:60:in `service'
  /Users/nateguy/.rvm/rubies/ruby-2.3.0/lib/ruby/2.3.0/webrick/httpserver.rb:140:in `service'
  /Users/nateguy/.rvm/rubies/ruby-2.3.0/lib/ruby/2.3.0/webrick/httpserver.rb:96:in `run'
  /Users/nateguy/.rvm/rubies/ruby-2.3.0/lib/ruby/2.3.0/webrick/server.rb:296:in `block in start_thread'


  Rendered /Users/nateguy/.rvm/gems/ruby-2.3.0/gems/actionpack-4.1.14.1/lib/action_dispatch/middleware/templates/rescues/_source.erb (1.1ms)
  Rendered /Users/nateguy/.rvm/gems/ruby-2.3.0/gems/actionpack-4.1.14.1/lib/action_dispatch/middleware/templates/rescues/_trace.html.erb (1.9ms)
  Rendered /Users/nateguy/.rvm/gems/ruby-2.3.0/gems/actionpack-4.1.14.1/lib/action_dispatch/middleware/templates/rescues/_request_and_response.html.erb (1.5ms)
  Rendered /Users/nateguy/.rvm/gems/ruby-2.3.0/gems/actionpack-4.1.14.1/lib/action_dispatch/middleware/templates/rescues/diagnostics.erb within rescues/layout (63.3ms)
  [1m[36m (2.3ms)[0m  [1mCREATE TABLE "schema_migrations" ("version" varchar(255) NOT NULL) [0m
  [1m[35m (0.1ms)[0m  select sqlite_version(*)
  [1m[36m (3.4ms)[0m  [1mCREATE UNIQUE INDEX "unique_schema_migrations" ON "schema_migrations" ("version")[0m
  [1m[35mActiveRecord::SchemaMigration Load (0.1ms)[0m  SELECT "schema_migrations".* FROM "schema_migrations"
Migrating to CreateBusinesses (20160128125750)
  [1m[36m (0.1ms)[0m  [1mbegin transaction[0m
  [1m[35m (0.4ms)[0m  CREATE TABLE "businesses" ("id" INTEGER PRIMARY KEY AUTOINCREMENT NOT NULL, "name" varchar(255), "type" varchar(255), "created_at" datetime, "updated_at" datetime) 
  [1m[36mSQL (0.2ms)[0m  [1mINSERT INTO "schema_migrations" ("version") VALUES (?)[0m  [["version", "20160128125750"]]
  [1m[35m (1.6ms)[0m  commit transaction
Migrating to CreateJobs (20160128125815)
  [1m[36m (0.1ms)[0m  [1mbegin transaction[0m
  [1m[35m (0.4ms)[0m  CREATE TABLE "jobs" ("id" INTEGER PRIMARY KEY AUTOINCREMENT NOT NULL, "name" varchar(255), "type" varchar(255), "created_at" datetime, "updated_at" datetime) 
  [1m[36mSQL (0.2ms)[0m  [1mINSERT INTO "schema_migrations" ("version") VALUES (?)[0m  [["version", "20160128125815"]]
  [1m[35m (1.5ms)[0m  commit transaction
Migrating to DeviseCreateUsers (20160128130025)
  [1m[36m (0.1ms)[0m  [1mbegin transaction[0m
  [1m[35m (0.5ms)[0m  CREATE TABLE "users" ("id" INTEGER PRIMARY KEY AUTOINCREMENT NOT NULL, "email" varchar(255) DEFAULT '' NOT NULL, "encrypted_password" varchar(255) DEFAULT '' NOT NULL, "reset_password_token" varchar(255), "reset_password_sent_at" datetime, "remember_created_at" datetime, "sign_in_count" integer DEFAULT 0 NOT NULL, "current_sign_in_at" datetime, "last_sign_in_at" datetime, "current_sign_in_ip" varchar(255), "last_sign_in_ip" varchar(255), "created_at" datetime NOT NULL, "updated_at" datetime NOT NULL) 
  [1m[36m (0.5ms)[0m  [1mCREATE UNIQUE INDEX "index_users_on_email" ON "users" ("email")[0m
  [1m[35m (0.2ms)[0m              SELECT sql
            FROM sqlite_master
            WHERE name='index_users_on_email' AND type='index'
            UNION ALL
            SELECT sql
            FROM sqlite_temp_master
            WHERE name='index_users_on_email' AND type='index'

  [1m[36m (0.1ms)[0m  [1mCREATE UNIQUE INDEX "index_users_on_reset_password_token" ON "users" ("reset_password_token")[0m
  [1m[35mSQL (0.1ms)[0m  INSERT INTO "schema_migrations" ("version") VALUES (?)  [["version", "20160128130025"]]
  [1m[36m (1.6ms)[0m  [1mcommit transaction[0m
  [1m[35mActiveRecord::SchemaMigration Load (0.1ms)[0m  SELECT "schema_migrations".* FROM "schema_migrations"
  [1m[36m (0.1ms)[0m  [1m            SELECT sql
            FROM sqlite_master
            WHERE name='index_users_on_reset_password_token' AND type='index'
            UNION ALL
            SELECT sql
            FROM sqlite_temp_master
            WHERE name='index_users_on_reset_password_token' AND type='index'
[0m
  [1m[35m (0.2ms)[0m              SELECT sql
            FROM sqlite_master
            WHERE name='index_users_on_email' AND type='index'
            UNION ALL
            SELECT sql
            FROM sqlite_temp_master
            WHERE name='index_users_on_email' AND type='index'



Started GET "/" for 127.0.0.1 at 2016-01-29 00:29:07 +0800
  [1m[36mActiveRecord::SchemaMigration Load (0.1ms)[0m  [1mSELECT "schema_migrations".* FROM "schema_migrations"[0m
Processing by Rails::WelcomeController#index as HTML
  Rendered /Users/nateguy/.rvm/gems/ruby-2.3.0/gems/railties-4.1.14.1/lib/rails/templates/rails/welcome/index.html.erb (2.2ms)
Completed 200 OK in 21ms (Views: 10.9ms | ActiveRecord: 0.0ms)


Started GET "/" for 127.0.0.1 at 2016-01-29 00:29:09 +0800
Processing by Rails::WelcomeController#index as HTML
  Rendered /Users/nateguy/.rvm/gems/ruby-2.3.0/gems/railties-4.1.14.1/lib/rails/templates/rails/welcome/index.html.erb (0.1ms)
Completed 200 OK in 2ms (Views: 2.2ms | ActiveRecord: 0.0ms)


Started GET "/" for 127.0.0.1 at 2016-01-29 00:30:26 +0800

ActionController::RoutingError (uninitialized constant HomeController):
  activesupport (4.1.14.1) lib/active_support/inflector/methods.rb:238:in `const_get'
  activesupport (4.1.14.1) lib/active_support/inflector/methods.rb:238:in `block in constantize'
  activesupport (4.1.14.1) lib/active_support/inflector/methods.rb:236:in `each'
  activesupport (4.1.14.1) lib/active_support/inflector/methods.rb:236:in `inject'
  activesupport (4.1.14.1) lib/active_support/inflector/methods.rb:236:in `constantize'
  actionpack (4.1.14.1) lib/action_dispatch/routing/route_set.rb:76:in `controller_reference'
  actionpack (4.1.14.1) lib/action_dispatch/routing/route_set.rb:66:in `controller'
  actionpack (4.1.14.1) lib/action_dispatch/routing/route_set.rb:44:in `call'
  actionpack (4.1.14.1) lib/action_dispatch/journey/router.rb:73:in `block in call'
  actionpack (4.1.14.1) lib/action_dispatch/journey/router.rb:59:in `each'
  actionpack (4.1.14.1) lib/action_dispatch/journey/router.rb:59:in `call'
  actionpack (4.1.14.1) lib/action_dispatch/routing/route_set.rb:690:in `call'
  warden (1.2.4) lib/warden/manager.rb:35:in `block in call'
  warden (1.2.4) lib/warden/manager.rb:34:in `catch'
  warden (1.2.4) lib/warden/manager.rb:34:in `call'
  rack (1.5.5) lib/rack/etag.rb:23:in `call'
  rack (1.5.5) lib/rack/conditionalget.rb:25:in `call'
  rack (1.5.5) lib/rack/head.rb:11:in `call'
  actionpack (4.1.14.1) lib/action_dispatch/middleware/params_parser.rb:27:in `call'
  actionpack (4.1.14.1) lib/action_dispatch/middleware/flash.rb:254:in `call'
  rack (1.5.5) lib/rack/session/abstract/id.rb:225:in `context'
  rack (1.5.5) lib/rack/session/abstract/id.rb:220:in `call'
  actionpack (4.1.14.1) lib/action_dispatch/middleware/cookies.rb:562:in `call'
  activerecord (4.1.14.1) lib/active_record/query_cache.rb:36:in `call'
  activerecord (4.1.14.1) lib/active_record/connection_adapters/abstract/connection_pool.rb:621:in `call'
  activerecord (4.1.14.1) lib/active_record/migration.rb:380:in `call'
  actionpack (4.1.14.1) lib/action_dispatch/middleware/callbacks.rb:29:in `block in call'
  activesupport (4.1.14.1) lib/active_support/callbacks.rb:82:in `run_callbacks'
  actionpack (4.1.14.1) lib/action_dispatch/middleware/callbacks.rb:27:in `call'
  actionpack (4.1.14.1) lib/action_dispatch/middleware/reloader.rb:73:in `call'
  actionpack (4.1.14.1) lib/action_dispatch/middleware/remote_ip.rb:76:in `call'
  actionpack (4.1.14.1) lib/action_dispatch/middleware/debug_exceptions.rb:17:in `call'
  actionpack (4.1.14.1) lib/action_dispatch/middleware/show_exceptions.rb:30:in `call'
  railties (4.1.14.1) lib/rails/rack/logger.rb:38:in `call_app'
  railties (4.1.14.1) lib/rails/rack/logger.rb:20:in `block in call'
  activesupport (4.1.14.1) lib/active_support/tagged_logging.rb:68:in `block in tagged'
  activesupport (4.1.14.1) lib/active_support/tagged_logging.rb:26:in `tagged'
  activesupport (4.1.14.1) lib/active_support/tagged_logging.rb:68:in `tagged'
  railties (4.1.14.1) lib/rails/rack/logger.rb:20:in `call'
  actionpack (4.1.14.1) lib/action_dispatch/middleware/request_id.rb:21:in `call'
  rack (1.5.5) lib/rack/methodoverride.rb:21:in `call'
  rack (1.5.5) lib/rack/runtime.rb:17:in `call'
  activesupport (4.1.14.1) lib/active_support/cache/strategy/local_cache_middleware.rb:26:in `call'
  rack (1.5.5) lib/rack/lock.rb:17:in `call'
  actionpack (4.1.14.1) lib/action_dispatch/middleware/static.rb:84:in `call'
  rack (1.5.5) lib/rack/sendfile.rb:112:in `call'
  railties (4.1.14.1) lib/rails/engine.rb:514:in `call'
  railties (4.1.14.1) lib/rails/application.rb:144:in `call'
  rack (1.5.5) lib/rack/lock.rb:17:in `call'
  rack (1.5.5) lib/rack/content_length.rb:14:in `call'
  rack (1.5.5) lib/rack/handler/webrick.rb:60:in `service'
  /Users/nateguy/.rvm/rubies/ruby-2.3.0/lib/ruby/2.3.0/webrick/httpserver.rb:140:in `service'
  /Users/nateguy/.rvm/rubies/ruby-2.3.0/lib/ruby/2.3.0/webrick/httpserver.rb:96:in `run'
  /Users/nateguy/.rvm/rubies/ruby-2.3.0/lib/ruby/2.3.0/webrick/server.rb:296:in `block in start_thread'


  Rendered /Users/nateguy/.rvm/gems/ruby-2.3.0/gems/actionpack-4.1.14.1/lib/action_dispatch/middleware/templates/rescues/_trace.html.erb (1.3ms)
  Rendered /Users/nateguy/.rvm/gems/ruby-2.3.0/gems/actionpack-4.1.14.1/lib/action_dispatch/middleware/templates/routes/_route.html.erb (3.5ms)
  Rendered /Users/nateguy/.rvm/gems/ruby-2.3.0/gems/actionpack-4.1.14.1/lib/action_dispatch/middleware/templates/routes/_table.html.erb (12.7ms)
  Rendered /Users/nateguy/.rvm/gems/ruby-2.3.0/gems/actionpack-4.1.14.1/lib/action_dispatch/middleware/templates/rescues/routing_error.html.erb within rescues/layout (85.7ms)


Started GET "/" for 127.0.0.1 at 2016-01-31 00:33:35 +0800
  [1m[36mActiveRecord::SchemaMigration Load (1.5ms)[0m  [1mSELECT "schema_migrations".* FROM "schema_migrations"[0m
Processing by HomeController#index as HTML
  Rendered home/index.haml within layouts/application (4.1ms)
Completed 200 OK in 1183ms (Views: 1170.9ms | ActiveRecord: 0.0ms)


Started GET "/assets/businesses.css?body=1" for 127.0.0.1 at 2016-01-31 00:33:37 +0800


Started GET "/assets/jobs.css?body=1" for 127.0.0.1 at 2016-01-31 00:33:37 +0800


Started GET "/assets/application.css?body=1" for 127.0.0.1 at 2016-01-31 00:33:37 +0800


Started GET "/assets/scaffolds.css?body=1" for 127.0.0.1 at 2016-01-31 00:33:37 +0800


Started GET "/assets/turbolinks.js?body=1" for 127.0.0.1 at 2016-01-31 00:33:37 +0800


Started GET "/assets/businesses.js?body=1" for 127.0.0.1 at 2016-01-31 00:33:37 +0800


Started GET "/assets/jquery.js?body=1" for 127.0.0.1 at 2016-01-31 00:33:37 +0800


Started GET "/assets/jobs.js?body=1" for 127.0.0.1 at 2016-01-31 00:33:37 +0800


Started GET "/assets/jquery_ujs.js?body=1" for 127.0.0.1 at 2016-01-31 00:33:37 +0800


Started GET "/assets/application.js?body=1" for 127.0.0.1 at 2016-01-31 00:33:37 +0800


Started GET "/" for 127.0.0.1 at 2016-01-31 10:25:41 +0800
Processing by HomeController#index as HTML
  Rendered home/index.haml within layouts/application (0.2ms)
Completed 200 OK in 7ms (Views: 6.4ms | ActiveRecord: 0.0ms)


Started GET "/" for 127.0.0.1 at 2016-01-31 10:28:27 +0800
Processing by HomeController#index as HTML
  Rendered home/index.haml within layouts/application (0.1ms)
Completed 200 OK in 5ms (Views: 4.4ms | ActiveRecord: 0.0ms)


Started GET "/" for 127.0.0.1 at 2016-01-31 10:28:29 +0800
Processing by HomeController#index as HTML
  Rendered home/index.haml within layouts/application (0.1ms)
Completed 200 OK in 5ms (Views: 4.1ms | ActiveRecord: 0.0ms)


Started GET "/" for 127.0.0.1 at 2016-01-31 10:28:30 +0800
Processing by HomeController#index as HTML
  Rendered home/index.haml within layouts/application (0.1ms)
Completed 200 OK in 4ms (Views: 3.8ms | ActiveRecord: 0.0ms)


Started GET "/" for 127.0.0.1 at 2016-01-31 10:47:25 +0800
  [1m[36mActiveRecord::SchemaMigration Load (0.1ms)[0m  [1mSELECT "schema_migrations".* FROM "schema_migrations"[0m
Processing by HomeController#index as HTML
  Rendered home/index.haml within layouts/application (4.3ms)
Completed 500 Internal Server Error in 92ms (ActiveRecord: 0.0ms)

ActionView::Template::Error (Missing partial layouts/components/shared/_navbar_legacy with {:locale=>[:en], :formats=>[:html], :variants=>[], :handlers=>[:erb, :builder, :raw, :ruby, :coffee, :haml, :jbuilder, :rabl]}. Searched in:
  * "/Users/nateguy/workspace/lakoh/app/views"
  * "/Users/nateguy/.rvm/gems/ruby-2.3.0/gems/devise-3.5.5/app/views"
):
    4:     %title
    5:       = "Lakoh"
    6:   %body
    7:     = render("layouts/components/shared/navbar_legacy")
    8:     = yield
    9:     = javascript_include_tag "application", 'data-turbolinks-track' => true
  app/views/layouts/application.html.haml:7:in `_app_views_layouts_application_html_haml___4187873188788195889_70310715445260'


  Rendered /Users/nateguy/.rvm/gems/ruby-2.3.0/gems/actionpack-4.1.14.1/lib/action_dispatch/middleware/templates/rescues/_trace.html.erb (1.2ms)
  Rendered /Users/nateguy/.rvm/gems/ruby-2.3.0/gems/actionpack-4.1.14.1/lib/action_dispatch/middleware/templates/rescues/_request_and_response.html.erb (0.9ms)
  Rendered /Users/nateguy/.rvm/gems/ruby-2.3.0/gems/actionpack-4.1.14.1/lib/action_dispatch/middleware/templates/rescues/template_error.html.erb within rescues/layout (39.0ms)


Started GET "/" for 127.0.0.1 at 2016-01-31 10:51:14 +0800
  [1m[36mActiveRecord::SchemaMigration Load (0.1ms)[0m  [1mSELECT "schema_migrations".* FROM "schema_migrations"[0m
Processing by HomeController#index as HTML
  Rendered home/index.haml within layouts/application (2.4ms)
  Rendered layouts/components/shared/_navbar.html.haml (22.4ms)
Completed 500 Internal Server Error in 85ms (ActiveRecord: 0.0ms)

ActionView::Template::Error (undefined method `local_cache' for #<#<Class:0x007fac0e8ebbd0>:0x007fac0e8ea5f0>
Did you mean?  localize):
    3:     .container
    4: 
    5:       -# This would look like a button on iOS (really?)
    6:       - local_cache :btn_navbar do
    7:         %a.btn.btn-navbar{data: {toggle: :collapse, target: ".nav-collapse"}}
    8:           = icon_tag(:bar)
    9:           = icon_tag(:bar)
  app/views/layouts/components/shared/_navbar.html.haml:6:in `_app_views_layouts_components_shared__navbar_html_haml__1564598634414131568_70188478890360'
  app/views/layouts/application.html.haml:7:in `_app_views_layouts_application_html_haml__151309878372752194_70188478481340'


  Rendered /Users/nateguy/.rvm/gems/ruby-2.3.0/gems/actionpack-4.1.14.1/lib/action_dispatch/middleware/templates/rescues/_trace.html.erb (2.0ms)
  Rendered /Users/nateguy/.rvm/gems/ruby-2.3.0/gems/actionpack-4.1.14.1/lib/action_dispatch/middleware/templates/rescues/_request_and_response.html.erb (0.9ms)
  Rendered /Users/nateguy/.rvm/gems/ruby-2.3.0/gems/actionpack-4.1.14.1/lib/action_dispatch/middleware/templates/rescues/template_error.html.erb within rescues/layout (41.5ms)


Started GET "/" for 127.0.0.1 at 2016-01-31 10:51:15 +0800
Processing by HomeController#index as HTML
  Rendered home/index.haml within layouts/application (0.1ms)
  Rendered layouts/components/shared/_navbar.html.haml (19.2ms)
Completed 500 Internal Server Error in 36ms (ActiveRecord: 0.0ms)

ActionView::Template::Error (undefined method `local_cache' for #<#<Class:0x007fac0e8ebbd0>:0x007fac0b1759a8>
Did you mean?  localize):
    3:     .container
    4: 
    5:       -# This would look like a button on iOS (really?)
    6:       - local_cache :btn_navbar do
    7:         %a.btn.btn-navbar{data: {toggle: :collapse, target: ".nav-collapse"}}
    8:           = icon_tag(:bar)
    9:           = icon_tag(:bar)
  app/views/layouts/components/shared/_navbar.html.haml:6:in `_app_views_layouts_components_shared__navbar_html_haml__1564598634414131568_70188478890360'
  app/views/layouts/application.html.haml:7:in `_app_views_layouts_application_html_haml__151309878372752194_70188478481340'


  Rendered /Users/nateguy/.rvm/gems/ruby-2.3.0/gems/actionpack-4.1.14.1/lib/action_dispatch/middleware/templates/rescues/_trace.html.erb (1.0ms)
  Rendered /Users/nateguy/.rvm/gems/ruby-2.3.0/gems/actionpack-4.1.14.1/lib/action_dispatch/middleware/templates/rescues/_request_and_response.html.erb (0.9ms)
  Rendered /Users/nateguy/.rvm/gems/ruby-2.3.0/gems/actionpack-4.1.14.1/lib/action_dispatch/middleware/templates/rescues/template_error.html.erb within rescues/layout (35.8ms)


Started GET "/" for 127.0.0.1 at 2016-01-31 10:51:26 +0800
Processing by HomeController#index as HTML
  Rendered home/index.haml within layouts/application (0.1ms)
  Rendered layouts/components/shared/_navbar.html.haml (19.9ms)
Completed 500 Internal Server Error in 39ms (ActiveRecord: 0.0ms)

ActionView::Template::Error (undefined method `icon_tag' for #<#<Class:0x007fac0e8ebbd0>:0x007fac0abceec8>):
    4: 
    5:       -# This would look like a button on iOS (really?)
    6:       %a.btn.btn-navbar{data: {toggle: :collapse, target: ".nav-collapse"}}
    7:         = icon_tag(:bar)
    8:         = icon_tag(:bar)
    9:         = icon_tag(:bar)
   10: 
  app/views/layouts/components/shared/_navbar.html.haml:7:in `_app_views_layouts_components_shared__navbar_html_haml__1564598634414131568_70188445143340'
  app/views/layouts/application.html.haml:7:in `_app_views_layouts_application_html_haml__151309878372752194_70188478481340'


  Rendered /Users/nateguy/.rvm/gems/ruby-2.3.0/gems/actionpack-4.1.14.1/lib/action_dispatch/middleware/templates/rescues/_trace.html.erb (1.0ms)
  Rendered /Users/nateguy/.rvm/gems/ruby-2.3.0/gems/actionpack-4.1.14.1/lib/action_dispatch/middleware/templates/rescues/_request_and_response.html.erb (0.9ms)
  Rendered /Users/nateguy/.rvm/gems/ruby-2.3.0/gems/actionpack-4.1.14.1/lib/action_dispatch/middleware/templates/rescues/template_error.html.erb within rescues/layout (34.8ms)


Started GET "/" for 127.0.0.1 at 2016-01-31 10:51:48 +0800
Processing by HomeController#index as HTML
  Rendered home/index.haml within layouts/application (0.1ms)
  Rendered layouts/components/shared/_navbar.html.haml (23.5ms)
Completed 500 Internal Server Error in 44ms (ActiveRecord: 0.0ms)

ActionView::Template::Error (undefined method `current_path?' for #<#<Class:0x007fac0e8ebbd0>:0x007fac0e93bf18>
Did you mean?  current_page?):
    10:       .nav-collapse.collapse.navbar-responsive-collapse
    11:         %ul.nav.navbar-item-list
    12:           - navbar_item_path = businesses_path
    13:           %li.navbar-item{class: current_path?(navbar_item_path) ? 'selected' : ''}
    14:             = link_to navbar_item_path do
    15:               = "Businesses"
    16: 
  app/views/layouts/components/shared/_navbar.html.haml:13:in `_app_views_layouts_components_shared__navbar_html_haml__1564598634414131568_70188481532540'
  app/views/layouts/application.html.haml:7:in `_app_views_layouts_application_html_haml__151309878372752194_70188478481340'


  Rendered /Users/nateguy/.rvm/gems/ruby-2.3.0/gems/actionpack-4.1.14.1/lib/action_dispatch/middleware/templates/rescues/_trace.html.erb (1.1ms)
  Rendered /Users/nateguy/.rvm/gems/ruby-2.3.0/gems/actionpack-4.1.14.1/lib/action_dispatch/middleware/templates/rescues/_request_and_response.html.erb (0.9ms)
  Rendered /Users/nateguy/.rvm/gems/ruby-2.3.0/gems/actionpack-4.1.14.1/lib/action_dispatch/middleware/templates/rescues/template_error.html.erb within rescues/layout (36.0ms)


Started GET "/" for 127.0.0.1 at 2016-01-31 10:51:50 +0800
Processing by HomeController#index as HTML
  Rendered home/index.haml within layouts/application (0.1ms)
  Rendered layouts/components/shared/_navbar.html.haml (19.6ms)
Completed 500 Internal Server Error in 37ms (ActiveRecord: 0.0ms)

ActionView::Template::Error (undefined method `current_path?' for #<#<Class:0x007fac0e8ebbd0>:0x007fac0ea50c00>
Did you mean?  current_page?):
    10:       .nav-collapse.collapse.navbar-responsive-collapse
    11:         %ul.nav.navbar-item-list
    12:           - navbar_item_path = businesses_path
    13:           %li.navbar-item{class: current_path?(navbar_item_path) ? 'selected' : ''}
    14:             = link_to navbar_item_path do
    15:               = "Businesses"
    16: 
  app/views/layouts/components/shared/_navbar.html.haml:13:in `_app_views_layouts_components_shared__navbar_html_haml__1564598634414131568_70188481532540'
  app/views/layouts/application.html.haml:7:in `_app_views_layouts_application_html_haml__151309878372752194_70188478481340'


  Rendered /Users/nateguy/.rvm/gems/ruby-2.3.0/gems/actionpack-4.1.14.1/lib/action_dispatch/middleware/templates/rescues/_trace.html.erb (1.1ms)
  Rendered /Users/nateguy/.rvm/gems/ruby-2.3.0/gems/actionpack-4.1.14.1/lib/action_dispatch/middleware/templates/rescues/_request_and_response.html.erb (0.9ms)
  Rendered /Users/nateguy/.rvm/gems/ruby-2.3.0/gems/actionpack-4.1.14.1/lib/action_dispatch/middleware/templates/rescues/template_error.html.erb within rescues/layout (37.2ms)


Started GET "/" for 127.0.0.1 at 2016-01-31 10:52:06 +0800
Processing by HomeController#index as HTML
  Rendered home/index.haml within layouts/application (0.3ms)
  Rendered layouts/components/shared/_navbar.html.haml (37.7ms)
Completed 500 Internal Server Error in 62ms (ActiveRecord: 0.0ms)

ActionView::Template::Error (undefined local variable or method `new_user_registration' for #<#<Class:0x007fac0e8ebbd0>:0x007fac0bb86cf8>
Did you mean?  new_user_registration_url
               new_user_registration_path):
    14:             = link_to navbar_item_path do
    15:               = "Businesses"
    16: 
    17:           - navbar_item_path = new_user_registration
    18:           %li.navbar-item
    19:             = link_to navbar_item_path, rel: 'nofollow' do
    20:               = "Signin"
  app/views/layouts/components/shared/_navbar.html.haml:17:in `_app_views_layouts_components_shared__navbar_html_haml__1564598634414131568_70188478270320'
  app/views/layouts/application.html.haml:7:in `_app_views_layouts_application_html_haml__151309878372752194_70188478481340'


  Rendered /Users/nateguy/.rvm/gems/ruby-2.3.0/gems/actionpack-4.1.14.1/lib/action_dispatch/middleware/templates/rescues/_trace.html.erb (1.1ms)
  Rendered /Users/nateguy/.rvm/gems/ruby-2.3.0/gems/actionpack-4.1.14.1/lib/action_dispatch/middleware/templates/rescues/_request_and_response.html.erb (0.8ms)
  Rendered /Users/nateguy/.rvm/gems/ruby-2.3.0/gems/actionpack-4.1.14.1/lib/action_dispatch/middleware/templates/rescues/template_error.html.erb within rescues/layout (35.6ms)


Started GET "/" for 127.0.0.1 at 2016-01-31 10:52:16 +0800
Processing by HomeController#index as HTML
  Rendered home/index.haml within layouts/application (0.1ms)
  Rendered layouts/components/shared/_navbar.html.haml (2.4ms)
Completed 200 OK in 79ms (Views: 78.1ms | ActiveRecord: 0.0ms)


Started GET "/assets/jobs.css?body=1" for 127.0.0.1 at 2016-01-31 10:52:16 +0800


Started GET "/assets/businesses.css?body=1" for 127.0.0.1 at 2016-01-31 10:52:16 +0800


Started GET "/assets/scaffolds.css?body=1" for 127.0.0.1 at 2016-01-31 10:52:16 +0800


Started GET "/assets/jquery.js?body=1" for 127.0.0.1 at 2016-01-31 10:52:16 +0800


Started GET "/assets/businesses.js?body=1" for 127.0.0.1 at 2016-01-31 10:52:16 +0800


Started GET "/assets/application.css?body=1" for 127.0.0.1 at 2016-01-31 10:52:16 +0800


Started GET "/assets/jquery_ujs.js?body=1" for 127.0.0.1 at 2016-01-31 10:52:16 +0800


Started GET "/assets/turbolinks.js?body=1" for 127.0.0.1 at 2016-01-31 10:52:16 +0800


Started GET "/assets/jobs.js?body=1" for 127.0.0.1 at 2016-01-31 10:52:16 +0800


Started GET "/assets/application.js?body=1" for 127.0.0.1 at 2016-01-31 10:52:16 +0800


Started GET "/users/sign_up" for 127.0.0.1 at 2016-01-31 10:52:24 +0800
Processing by Devise::RegistrationsController#new as HTML
  Rendered devise/shared/_links.html.erb (1.2ms)
  Rendered devise/registrations/new.html.erb within layouts/application (41.1ms)
  Rendered layouts/components/shared/_navbar.html.haml (0.7ms)
Completed 200 OK in 85ms (Views: 79.0ms | ActiveRecord: 0.3ms)


Started GET "/assets/jquery.js?body=1" for 127.0.0.1 at 2016-01-31 10:52:24 +0800


Started GET "/assets/turbolinks.js?body=1" for 127.0.0.1 at 2016-01-31 10:52:24 +0800


Started GET "/assets/jquery_ujs.js?body=1" for 127.0.0.1 at 2016-01-31 10:52:24 +0800
  [1m[36mActiveRecord::SchemaMigration Load (0.1ms)[0m  [1mSELECT "schema_migrations".* FROM "schema_migrations"[0m
Migrating to AddFieldsToBusiness (20160131133553)
  [1m[35m (0.1ms)[0m  begin transaction
  [1m[36m (0.5ms)[0m  [1mALTER TABLE "businesses" ADD "address_street" varchar(255)[0m
  [1m[35m (0.2ms)[0m  ALTER TABLE "businesses" ADD "address_city" varchar(255)
  [1m[36m (0.1ms)[0m  [1mALTER TABLE "businesses" ADD "address_state" varchar(255)[0m
  [1m[35m (0.5ms)[0m  ALTER TABLE "businesses" ADD "address_zip" varchar(255)
  [1m[36m (0.1ms)[0m  [1mALTER TABLE "businesses" ADD "industry" varchar(255)[0m
  [1m[35m (0.1ms)[0m  ALTER TABLE "businesses" ADD "employee_qty" integer
  [1m[36m (0.2ms)[0m  [1mALTER TABLE "businesses" ADD "majority_ownership" varchar(255)[0m
  [1m[35m (0.1ms)[0m  ALTER TABLE "businesses" ADD "international_market" boolean
  [1m[36m (0.1ms)[0m  [1mALTER TABLE "businesses" ADD "created_at" datetime[0m
SQLite3::SQLException: duplicate column name: created_at: ALTER TABLE "businesses" ADD "created_at" datetime
  [1m[35m (1.7ms)[0m  rollback transaction
  [1m[36m (0.1ms)[0m  [1mSELECT version FROM schema_migrations[0m
  [1m[36mActiveRecord::SchemaMigration Load (0.1ms)[0m  [1mSELECT "schema_migrations".* FROM "schema_migrations"[0m
Migrating to AddFieldsToBusiness (20160131133553)
  [1m[35m (0.1ms)[0m  begin transaction
  [1m[36m (1.5ms)[0m  [1mALTER TABLE "businesses" ADD "address_street" varchar(255)[0m
  [1m[35m (0.4ms)[0m  ALTER TABLE "businesses" ADD "address_city" varchar(255)
  [1m[36m (0.1ms)[0m  [1mALTER TABLE "businesses" ADD "address_state" varchar(255)[0m
  [1m[35m (0.1ms)[0m  ALTER TABLE "businesses" ADD "address_zip" varchar(255)
  [1m[36m (0.2ms)[0m  [1mALTER TABLE "businesses" ADD "industry" varchar(255)[0m
  [1m[35m (0.1ms)[0m  ALTER TABLE "businesses" ADD "employee_qty" integer
  [1m[36m (0.1ms)[0m  [1mALTER TABLE "businesses" ADD "majority_ownership" varchar(255)[0m
  [1m[35m (0.1ms)[0m  ALTER TABLE "businesses" ADD "international_market" boolean
  [1m[36m (0.5ms)[0m  [1mALTER TABLE "businesses" ADD "created_at" datetime[0m
SQLite3::SQLException: duplicate column name: created_at: ALTER TABLE "businesses" ADD "created_at" datetime
  [1m[35m (1.2ms)[0m  rollback transaction
  [1m[36mActiveRecord::SchemaMigration Load (0.1ms)[0m  [1mSELECT "schema_migrations".* FROM "schema_migrations"[0m
Migrating to AddFieldsToBusiness (20160131133553)
  [1m[35m (0.1ms)[0m  begin transaction
  [1m[36m (0.5ms)[0m  [1mALTER TABLE "businesses" ADD "address_street" varchar(255)[0m
  [1m[35m (0.2ms)[0m  ALTER TABLE "businesses" ADD "address_city" varchar(255)
  [1m[36m (0.2ms)[0m  [1mALTER TABLE "businesses" ADD "address_state" varchar(255)[0m
  [1m[35m (0.1ms)[0m  ALTER TABLE "businesses" ADD "address_zip" varchar(255)
  [1m[36m (0.2ms)[0m  [1mALTER TABLE "businesses" ADD "industry" varchar(255)[0m
  [1m[35m (0.1ms)[0m  ALTER TABLE "businesses" ADD "employee_qty" integer
  [1m[36m (0.1ms)[0m  [1mALTER TABLE "businesses" ADD "majority_ownership" varchar(255)[0m
  [1m[35m (0.1ms)[0m  ALTER TABLE "businesses" ADD "international_market" boolean
  [1m[36mSQL (0.3ms)[0m  [1mINSERT INTO "schema_migrations" ("version") VALUES (?)[0m  [["version", "20160131133553"]]
  [1m[35m (1.1ms)[0m  commit transaction
  [1m[36mActiveRecord::SchemaMigration Load (0.1ms)[0m  [1mSELECT "schema_migrations".* FROM "schema_migrations"[0m
  [1m[35m (0.1ms)[0m              SELECT sql
            FROM sqlite_master
            WHERE name='index_users_on_reset_password_token' AND type='index'
            UNION ALL
            SELECT sql
            FROM sqlite_temp_master
            WHERE name='index_users_on_reset_password_token' AND type='index'

  [1m[36m (0.1ms)[0m  [1m            SELECT sql
            FROM sqlite_master
            WHERE name='index_users_on_email' AND type='index'
            UNION ALL
            SELECT sql
            FROM sqlite_temp_master
            WHERE name='index_users_on_email' AND type='index'
[0m


Started GET "/" for 127.0.0.1 at 2016-01-31 23:00:11 +0800
  [1m[36mActiveRecord::SchemaMigration Load (1.3ms)[0m  [1mSELECT "schema_migrations".* FROM "schema_migrations"[0m
Processing by HomeController#index as HTML
  Rendered home/index.haml within layouts/application (4.1ms)
  Rendered layouts/components/shared/_navbar.html.haml (2.7ms)
Completed 200 OK in 151ms (Views: 141.7ms | ActiveRecord: 0.0ms)


Started GET "/assets/businesses.css?body=1" for 127.0.0.1 at 2016-01-31 23:00:11 +0800


Started GET "/assets/jobs.css?body=1" for 127.0.0.1 at 2016-01-31 23:00:11 +0800


Started GET "/assets/application.css?body=1" for 127.0.0.1 at 2016-01-31 23:00:11 +0800


Started GET "/assets/scaffolds.css?body=1" for 127.0.0.1 at 2016-01-31 23:00:11 +0800


Started GET "/assets/jquery_ujs.js?body=1" for 127.0.0.1 at 2016-01-31 23:00:11 +0800


Started GET "/assets/jobs.js?body=1" for 127.0.0.1 at 2016-01-31 23:00:11 +0800


Started GET "/assets/businesses.js?body=1" for 127.0.0.1 at 2016-01-31 23:00:11 +0800


Started GET "/assets/jquery.js?body=1" for 127.0.0.1 at 2016-01-31 23:00:11 +0800


Started GET "/assets/application.js?body=1" for 127.0.0.1 at 2016-01-31 23:00:11 +0800


Started GET "/assets/turbolinks.js?body=1" for 127.0.0.1 at 2016-01-31 23:00:11 +0800


Started GET "/users/sign_up" for 127.0.0.1 at 2016-01-31 23:00:13 +0800
Processing by Devise::RegistrationsController#new as HTML
  Rendered devise/shared/_links.html.erb (1.1ms)
  Rendered devise/registrations/new.html.erb within layouts/application (48.7ms)
  Rendered layouts/components/shared/_navbar.html.haml (0.6ms)
Completed 200 OK in 89ms (Views: 84.3ms | ActiveRecord: 0.4ms)


Started GET "/assets/jquery_ujs.js?body=1" for 127.0.0.1 at 2016-01-31 23:00:13 +0800


Started GET "/assets/turbolinks.js?body=1" for 127.0.0.1 at 2016-01-31 23:00:13 +0800


Started GET "/assets/jquery.js?body=1" for 127.0.0.1 at 2016-01-31 23:00:13 +0800


Started POST "/users" for 127.0.0.1 at 2016-01-31 23:00:22 +0800
Processing by Devise::RegistrationsController#create as HTML
  Parameters: {"utf8"=>"âœ“", "authenticity_token"=>"Qv5vjaCL5XSbiEEG3J8x5BgirvuzPIg0kLvp7cdhPDE=", "user"=>{"email"=>"nateguy@gmail.com", "password"=>"[FILTERED]", "password_confirmation"=>"[FILTERED]"}, "commit"=>"Sign up"}
  [1m[35m (0.1ms)[0m  begin transaction
  [1m[36mUser Exists (1.3ms)[0m  [1mSELECT  1 AS one FROM "users"  WHERE "users"."email" = 'nateguy@gmail.com' LIMIT 1[0m
Binary data inserted for `string` type on column `encrypted_password`
  [1m[35mSQL (2.1ms)[0m  INSERT INTO "users" ("created_at", "email", "encrypted_password", "updated_at") VALUES (?, ?, ?, ?)  [["created_at", "2016-01-31 15:00:22.562039"], ["email", "nateguy@gmail.com"], ["encrypted_password", "$2a$10$VLQbeQVYadIpyMWe0YkUUOMG0H.13JPr91pYn6kOpveVRODNTMz72"], ["updated_at", "2016-01-31 15:00:22.562039"]]
  [1m[36m (1.8ms)[0m  [1mcommit transaction[0m
  [1m[35m (0.1ms)[0m  begin transaction
Binary data inserted for `string` type on column `current_sign_in_ip`
Binary data inserted for `string` type on column `last_sign_in_ip`
  [1m[36mSQL (0.6ms)[0m  [1mUPDATE "users" SET "current_sign_in_at" = ?, "current_sign_in_ip" = ?, "last_sign_in_at" = ?, "last_sign_in_ip" = ?, "sign_in_count" = ?, "updated_at" = ? WHERE "users"."id" = 1[0m  [["current_sign_in_at", "2016-01-31 15:00:22.570881"], ["current_sign_in_ip", "127.0.0.1"], ["last_sign_in_at", "2016-01-31 15:00:22.570881"], ["last_sign_in_ip", "127.0.0.1"], ["sign_in_count", 1], ["updated_at", "2016-01-31 15:00:22.571926"]]
  [1m[35m (1.5ms)[0m  commit transaction
Redirected to http://0.0.0.0:3000/
Completed 302 Found in 131ms (ActiveRecord: 7.4ms)


Started GET "/" for 127.0.0.1 at 2016-01-31 23:00:22 +0800
Processing by HomeController#index as HTML
  Rendered home/index.haml within layouts/application (0.1ms)
  Rendered layouts/components/shared/_navbar.html.haml (0.7ms)
Completed 200 OK in 39ms (Views: 38.0ms | ActiveRecord: 0.0ms)


Started GET "/assets/jquery.js?body=1" for 127.0.0.1 at 2016-01-31 23:00:22 +0800


Started GET "/assets/jquery_ujs.js?body=1" for 127.0.0.1 at 2016-01-31 23:00:22 +0800


Started GET "/assets/turbolinks.js?body=1" for 127.0.0.1 at 2016-01-31 23:00:22 +0800


Started GET "/users/sign_up" for 127.0.0.1 at 2016-01-31 23:00:27 +0800
Processing by Devise::RegistrationsController#new as HTML
  [1m[36mUser Load (0.2ms)[0m  [1mSELECT  "users".* FROM "users"  WHERE "users"."id" = 1  ORDER BY "users"."id" ASC LIMIT 1[0m
Redirected to http://0.0.0.0:3000/
Filter chain halted as :require_no_authentication rendered or redirected
Completed 302 Found in 8ms (ActiveRecord: 0.2ms)


Started GET "/" for 127.0.0.1 at 2016-01-31 23:00:27 +0800
Processing by HomeController#index as HTML
  Rendered home/index.haml within layouts/application (0.8ms)
  Rendered layouts/components/shared/_navbar.html.haml (3.2ms)
Completed 200 OK in 38ms (Views: 37.8ms | ActiveRecord: 0.0ms)


Started GET "/assets/turbolinks.js?body=1" for 127.0.0.1 at 2016-01-31 23:00:27 +0800


Started GET "/assets/jquery_ujs.js?body=1" for 127.0.0.1 at 2016-01-31 23:00:27 +0800


Started GET "/assets/jquery.js?body=1" for 127.0.0.1 at 2016-01-31 23:00:27 +0800


Started GET "/users/sign_up" for 127.0.0.1 at 2016-01-31 23:00:28 +0800
Processing by Devise::RegistrationsController#new as HTML
  [1m[35mUser Load (0.2ms)[0m  SELECT  "users".* FROM "users"  WHERE "users"."id" = 1  ORDER BY "users"."id" ASC LIMIT 1
Redirected to http://0.0.0.0:3000/
Filter chain halted as :require_no_authentication rendered or redirected
Completed 302 Found in 2ms (ActiveRecord: 0.2ms)


Started GET "/" for 127.0.0.1 at 2016-01-31 23:00:28 +0800
Processing by HomeController#index as HTML
  Rendered home/index.haml within layouts/application (0.1ms)
  Rendered layouts/components/shared/_navbar.html.haml (0.7ms)
Completed 200 OK in 37ms (Views: 37.0ms | ActiveRecord: 0.0ms)


Started GET "/assets/jquery.js?body=1" for 127.0.0.1 at 2016-01-31 23:00:28 +0800


Started GET "/assets/turbolinks.js?body=1" for 127.0.0.1 at 2016-01-31 23:00:29 +0800


Started GET "/assets/jquery_ujs.js?body=1" for 127.0.0.1 at 2016-01-31 23:00:29 +0800


Started GET "/" for 127.0.0.1 at 2016-01-31 23:22:24 +0800
  [1m[36mActiveRecord::SchemaMigration Load (0.2ms)[0m  [1mSELECT "schema_migrations".* FROM "schema_migrations"[0m
Processing by HomeController#index as HTML
  Rendered home/index.haml within layouts/application (4.1ms)
  [1m[35mUser Load (0.3ms)[0m  SELECT  "users".* FROM "users"  WHERE "users"."id" = 1  ORDER BY "users"."id" ASC LIMIT 1
  Rendered layouts/components/shared/_navbar.html.haml (18.5ms)
Completed 200 OK in 142ms (Views: 128.2ms | ActiveRecord: 0.6ms)


Started GET "/assets/businesses.css?body=1" for 127.0.0.1 at 2016-01-31 23:22:24 +0800


Started GET "/assets/jobs.css?body=1" for 127.0.0.1 at 2016-01-31 23:22:24 +0800


Started GET "/assets/turbolinks.js?body=1" for 127.0.0.1 at 2016-01-31 23:22:24 +0800


Started GET "/assets/application.css?body=1" for 127.0.0.1 at 2016-01-31 23:22:24 +0800


Started GET "/assets/scaffolds.css?body=1" for 127.0.0.1 at 2016-01-31 23:22:24 +0800


Started GET "/assets/application.js?body=1" for 127.0.0.1 at 2016-01-31 23:22:24 +0800


Started GET "/assets/jquery.js?body=1" for 127.0.0.1 at 2016-01-31 23:22:24 +0800


Started GET "/assets/businesses.js?body=1" for 127.0.0.1 at 2016-01-31 23:22:24 +0800


Started GET "/assets/jobs.js?body=1" for 127.0.0.1 at 2016-01-31 23:22:24 +0800


Started GET "/assets/jquery_ujs.js?body=1" for 127.0.0.1 at 2016-01-31 23:22:24 +0800


Started GET "/users/sign_up" for 127.0.0.1 at 2016-01-31 23:22:27 +0800
Processing by Devise::RegistrationsController#new as HTML
  [1m[36mUser Load (0.2ms)[0m  [1mSELECT  "users".* FROM "users"  WHERE "users"."id" = 1  ORDER BY "users"."id" ASC LIMIT 1[0m
Redirected to http://0.0.0.0:3000/
Filter chain halted as :require_no_authentication rendered or redirected
Completed 302 Found in 21ms (ActiveRecord: 0.2ms)


Started GET "/" for 127.0.0.1 at 2016-01-31 23:22:27 +0800
Processing by HomeController#index as HTML
  Rendered home/index.haml within layouts/application (0.7ms)
  [1m[35mUser Load (0.2ms)[0m  SELECT  "users".* FROM "users"  WHERE "users"."id" = 1  ORDER BY "users"."id" ASC LIMIT 1
  Rendered layouts/components/shared/_navbar.html.haml (3.9ms)
Completed 200 OK in 40ms (Views: 39.7ms | ActiveRecord: 0.2ms)


Started GET "/assets/jquery_ujs.js?body=1" for 127.0.0.1 at 2016-01-31 23:22:27 +0800


Started GET "/assets/businesses.js?body=1" for 127.0.0.1 at 2016-01-31 23:22:27 +0800


Started GET "/assets/jquery.js?body=1" for 127.0.0.1 at 2016-01-31 23:22:27 +0800


Started GET "/assets/application.js?body=1" for 127.0.0.1 at 2016-01-31 23:22:27 +0800


Started GET "/assets/turbolinks.js?body=1" for 127.0.0.1 at 2016-01-31 23:22:27 +0800


Started GET "/assets/jobs.js?body=1" for 127.0.0.1 at 2016-01-31 23:22:27 +0800


Started GET "/users/sign_up" for 127.0.0.1 at 2016-01-31 23:22:28 +0800
Processing by Devise::RegistrationsController#new as HTML
  [1m[36mUser Load (0.2ms)[0m  [1mSELECT  "users".* FROM "users"  WHERE "users"."id" = 1  ORDER BY "users"."id" ASC LIMIT 1[0m
Redirected to http://0.0.0.0:3000/
Filter chain halted as :require_no_authentication rendered or redirected
Completed 302 Found in 2ms (ActiveRecord: 0.2ms)


Started GET "/" for 127.0.0.1 at 2016-01-31 23:22:28 +0800
Processing by HomeController#index as HTML
  Rendered home/index.haml within layouts/application (0.2ms)
  [1m[35mUser Load (0.3ms)[0m  SELECT  "users".* FROM "users"  WHERE "users"."id" = 1  ORDER BY "users"."id" ASC LIMIT 1
  Rendered layouts/components/shared/_navbar.html.haml (2.8ms)
Completed 200 OK in 40ms (Views: 38.9ms | ActiveRecord: 0.3ms)


Started GET "/assets/jquery_ujs.js?body=1" for 127.0.0.1 at 2016-01-31 23:22:29 +0800


Started GET "/assets/jobs.js?body=1" for 127.0.0.1 at 2016-01-31 23:22:29 +0800


Started GET "/assets/application.js?body=1" for 127.0.0.1 at 2016-01-31 23:22:29 +0800


Started GET "/assets/businesses.js?body=1" for 127.0.0.1 at 2016-01-31 23:22:29 +0800


Started GET "/assets/turbolinks.js?body=1" for 127.0.0.1 at 2016-01-31 23:22:29 +0800


Started GET "/assets/jquery.js?body=1" for 127.0.0.1 at 2016-01-31 23:22:29 +0800


Started GET "/users/sign_out" for 127.0.0.1 at 2016-01-31 23:22:30 +0800

ActionController::RoutingError (No route matches [GET] "/users/sign_out"):
  actionpack (4.1.14.1) lib/action_dispatch/middleware/debug_exceptions.rb:21:in `call'
  actionpack (4.1.14.1) lib/action_dispatch/middleware/show_exceptions.rb:30:in `call'
  railties (4.1.14.1) lib/rails/rack/logger.rb:38:in `call_app'
  railties (4.1.14.1) lib/rails/rack/logger.rb:20:in `block in call'
  activesupport (4.1.14.1) lib/active_support/tagged_logging.rb:68:in `block in tagged'
  activesupport (4.1.14.1) lib/active_support/tagged_logging.rb:26:in `tagged'
  activesupport (4.1.14.1) lib/active_support/tagged_logging.rb:68:in `tagged'
  railties (4.1.14.1) lib/rails/rack/logger.rb:20:in `call'
  actionpack (4.1.14.1) lib/action_dispatch/middleware/request_id.rb:21:in `call'
  rack (1.5.5) lib/rack/methodoverride.rb:21:in `call'
  rack (1.5.5) lib/rack/runtime.rb:17:in `call'
  activesupport (4.1.14.1) lib/active_support/cache/strategy/local_cache_middleware.rb:26:in `call'
  rack (1.5.5) lib/rack/lock.rb:17:in `call'
  actionpack (4.1.14.1) lib/action_dispatch/middleware/static.rb:84:in `call'
  rack (1.5.5) lib/rack/sendfile.rb:112:in `call'
  railties (4.1.14.1) lib/rails/engine.rb:514:in `call'
  railties (4.1.14.1) lib/rails/application.rb:144:in `call'
  rack (1.5.5) lib/rack/lock.rb:17:in `call'
  rack (1.5.5) lib/rack/content_length.rb:14:in `call'
  rack (1.5.5) lib/rack/handler/webrick.rb:60:in `service'
  /Users/nateguy/.rvm/rubies/ruby-2.3.0/lib/ruby/2.3.0/webrick/httpserver.rb:140:in `service'
  /Users/nateguy/.rvm/rubies/ruby-2.3.0/lib/ruby/2.3.0/webrick/httpserver.rb:96:in `run'
  /Users/nateguy/.rvm/rubies/ruby-2.3.0/lib/ruby/2.3.0/webrick/server.rb:296:in `block in start_thread'


  Rendered /Users/nateguy/.rvm/gems/ruby-2.3.0/gems/actionpack-4.1.14.1/lib/action_dispatch/middleware/templates/rescues/_trace.html.erb (0.9ms)
  Rendered /Users/nateguy/.rvm/gems/ruby-2.3.0/gems/actionpack-4.1.14.1/lib/action_dispatch/middleware/templates/routes/_route.html.erb (2.6ms)
  Rendered /Users/nateguy/.rvm/gems/ruby-2.3.0/gems/actionpack-4.1.14.1/lib/action_dispatch/middleware/templates/routes/_table.html.erb (5.9ms)
  Rendered /Users/nateguy/.rvm/gems/ruby-2.3.0/gems/actionpack-4.1.14.1/lib/action_dispatch/middleware/templates/rescues/routing_error.html.erb within rescues/layout (68.0ms)


Started GET "/users/sign_out" for 127.0.0.1 at 2016-01-31 23:22:30 +0800

ActionController::RoutingError (No route matches [GET] "/users/sign_out"):
  actionpack (4.1.14.1) lib/action_dispatch/middleware/debug_exceptions.rb:21:in `call'
  actionpack (4.1.14.1) lib/action_dispatch/middleware/show_exceptions.rb:30:in `call'
  railties (4.1.14.1) lib/rails/rack/logger.rb:38:in `call_app'
  railties (4.1.14.1) lib/rails/rack/logger.rb:20:in `block in call'
  activesupport (4.1.14.1) lib/active_support/tagged_logging.rb:68:in `block in tagged'
  activesupport (4.1.14.1) lib/active_support/tagged_logging.rb:26:in `tagged'
  activesupport (4.1.14.1) lib/active_support/tagged_logging.rb:68:in `tagged'
  railties (4.1.14.1) lib/rails/rack/logger.rb:20:in `call'
  actionpack (4.1.14.1) lib/action_dispatch/middleware/request_id.rb:21:in `call'
  rack (1.5.5) lib/rack/methodoverride.rb:21:in `call'
  rack (1.5.5) lib/rack/runtime.rb:17:in `call'
  activesupport (4.1.14.1) lib/active_support/cache/strategy/local_cache_middleware.rb:26:in `call'
  rack (1.5.5) lib/rack/lock.rb:17:in `call'
  actionpack (4.1.14.1) lib/action_dispatch/middleware/static.rb:84:in `call'
  rack (1.5.5) lib/rack/sendfile.rb:112:in `call'
  railties (4.1.14.1) lib/rails/engine.rb:514:in `call'
  railties (4.1.14.1) lib/rails/application.rb:144:in `call'
  rack (1.5.5) lib/rack/lock.rb:17:in `call'
  rack (1.5.5) lib/rack/content_length.rb:14:in `call'
  rack (1.5.5) lib/rack/handler/webrick.rb:60:in `service'
  /Users/nateguy/.rvm/rubies/ruby-2.3.0/lib/ruby/2.3.0/webrick/httpserver.rb:140:in `service'
  /Users/nateguy/.rvm/rubies/ruby-2.3.0/lib/ruby/2.3.0/webrick/httpserver.rb:96:in `run'
  /Users/nateguy/.rvm/rubies/ruby-2.3.0/lib/ruby/2.3.0/webrick/server.rb:296:in `block in start_thread'


  Rendered /Users/nateguy/.rvm/gems/ruby-2.3.0/gems/actionpack-4.1.14.1/lib/action_dispatch/middleware/templates/rescues/_trace.html.erb (0.9ms)
  Rendered /Users/nateguy/.rvm/gems/ruby-2.3.0/gems/actionpack-4.1.14.1/lib/action_dispatch/middleware/templates/routes/_route.html.erb (2.4ms)
  Rendered /Users/nateguy/.rvm/gems/ruby-2.3.0/gems/actionpack-4.1.14.1/lib/action_dispatch/middleware/templates/routes/_table.html.erb (1.1ms)
  Rendered /Users/nateguy/.rvm/gems/ruby-2.3.0/gems/actionpack-4.1.14.1/lib/action_dispatch/middleware/templates/rescues/routing_error.html.erb within rescues/layout (54.3ms)


Started GET "/" for 127.0.0.1 at 2016-01-31 23:22:33 +0800
Processing by HomeController#index as HTML
  Rendered home/index.haml within layouts/application (0.1ms)
  [1m[36mUser Load (0.2ms)[0m  [1mSELECT  "users".* FROM "users"  WHERE "users"."id" = 1  ORDER BY "users"."id" ASC LIMIT 1[0m
  Rendered layouts/components/shared/_navbar.html.haml (2.0ms)
Completed 200 OK in 38ms (Views: 37.2ms | ActiveRecord: 0.2ms)


Started GET "/assets/businesses.css?body=1" for 127.0.0.1 at 2016-01-31 23:22:34 +0800


Started GET "/assets/jobs.css?body=1" for 127.0.0.1 at 2016-01-31 23:22:34 +0800


Started GET "/assets/application.css?body=1" for 127.0.0.1 at 2016-01-31 23:22:34 +0800


Started GET "/assets/jquery_ujs.js?body=1" for 127.0.0.1 at 2016-01-31 23:22:34 +0800


Started GET "/assets/jquery.js?body=1" for 127.0.0.1 at 2016-01-31 23:22:34 +0800


Started GET "/assets/scaffolds.css?body=1" for 127.0.0.1 at 2016-01-31 23:22:34 +0800


Started GET "/assets/turbolinks.js?body=1" for 127.0.0.1 at 2016-01-31 23:22:34 +0800


Started GET "/assets/businesses.js?body=1" for 127.0.0.1 at 2016-01-31 23:22:34 +0800


Started GET "/assets/jobs.js?body=1" for 127.0.0.1 at 2016-01-31 23:22:34 +0800


Started GET "/assets/application.js?body=1" for 127.0.0.1 at 2016-01-31 23:22:34 +0800


Started GET "/" for 127.0.0.1 at 2016-01-31 23:23:23 +0800
Processing by HomeController#index as HTML
  Rendered home/index.haml within layouts/application (0.2ms)
  [1m[35mUser Load (0.2ms)[0m  SELECT  "users".* FROM "users"  WHERE "users"."id" = 1  ORDER BY "users"."id" ASC LIMIT 1
  Rendered layouts/components/shared/_navbar.html.haml (4.1ms)
Completed 200 OK in 42ms (Views: 41.0ms | ActiveRecord: 0.2ms)


Started GET "/assets/businesses.css?body=1" for 127.0.0.1 at 2016-01-31 23:23:23 +0800


Started GET "/assets/scaffolds.css?body=1" for 127.0.0.1 at 2016-01-31 23:23:23 +0800


Started GET "/assets/jobs.css?body=1" for 127.0.0.1 at 2016-01-31 23:23:23 +0800


Started GET "/assets/application.css?body=1" for 127.0.0.1 at 2016-01-31 23:23:23 +0800


Started GET "/assets/jquery_ujs.js?body=1" for 127.0.0.1 at 2016-01-31 23:23:23 +0800


Started GET "/assets/jquery.js?body=1" for 127.0.0.1 at 2016-01-31 23:23:23 +0800


Started GET "/assets/turbolinks.js?body=1" for 127.0.0.1 at 2016-01-31 23:23:23 +0800


Started GET "/assets/businesses.js?body=1" for 127.0.0.1 at 2016-01-31 23:23:23 +0800


Started GET "/assets/jobs.js?body=1" for 127.0.0.1 at 2016-01-31 23:23:23 +0800


Started GET "/assets/application.js?body=1" for 127.0.0.1 at 2016-01-31 23:23:23 +0800


Started GET "/" for 127.0.0.1 at 2016-01-31 23:23:25 +0800
Processing by HomeController#index as HTML
  Rendered home/index.haml within layouts/application (0.1ms)
  [1m[36mUser Load (0.2ms)[0m  [1mSELECT  "users".* FROM "users"  WHERE "users"."id" = 1  ORDER BY "users"."id" ASC LIMIT 1[0m
  Rendered layouts/components/shared/_navbar.html.haml (2.2ms)
Completed 200 OK in 38ms (Views: 37.0ms | ActiveRecord: 0.2ms)


Started GET "/assets/businesses.css?body=1" for 127.0.0.1 at 2016-01-31 23:23:25 +0800


Started GET "/assets/jquery_ujs.js?body=1" for 127.0.0.1 at 2016-01-31 23:23:25 +0800


Started GET "/assets/jquery.js?body=1" for 127.0.0.1 at 2016-01-31 23:23:25 +0800


Started GET "/assets/application.css?body=1" for 127.0.0.1 at 2016-01-31 23:23:25 +0800


Started GET "/assets/turbolinks.js?body=1" for 127.0.0.1 at 2016-01-31 23:23:25 +0800


Started GET "/assets/jobs.css?body=1" for 127.0.0.1 at 2016-01-31 23:23:25 +0800


Started GET "/assets/scaffolds.css?body=1" for 127.0.0.1 at 2016-01-31 23:23:25 +0800


Started GET "/assets/businesses.js?body=1" for 127.0.0.1 at 2016-01-31 23:23:25 +0800


Started GET "/assets/jobs.js?body=1" for 127.0.0.1 at 2016-01-31 23:23:25 +0800


Started GET "/assets/application.js?body=1" for 127.0.0.1 at 2016-01-31 23:23:25 +0800


Started GET "/users/sign_in" for 127.0.0.1 at 2016-01-31 23:23:27 +0800
Processing by Devise::SessionsController#new as HTML
  [1m[35mUser Load (0.2ms)[0m  SELECT  "users".* FROM "users"  WHERE "users"."id" = 1  ORDER BY "users"."id" ASC LIMIT 1
Redirected to http://0.0.0.0:3000/
Filter chain halted as :require_no_authentication rendered or redirected
Completed 302 Found in 2ms (ActiveRecord: 0.2ms)


Started GET "/" for 127.0.0.1 at 2016-01-31 23:23:27 +0800
Processing by HomeController#index as HTML
  Rendered home/index.haml within layouts/application (0.1ms)
  [1m[36mUser Load (0.2ms)[0m  [1mSELECT  "users".* FROM "users"  WHERE "users"."id" = 1  ORDER BY "users"."id" ASC LIMIT 1[0m
  Rendered layouts/components/shared/_navbar.html.haml (3.8ms)
Completed 200 OK in 43ms (Views: 42.5ms | ActiveRecord: 0.2ms)


Started GET "/assets/jquery.js?body=1" for 127.0.0.1 at 2016-01-31 23:23:27 +0800


Started GET "/assets/jquery_ujs.js?body=1" for 127.0.0.1 at 2016-01-31 23:23:27 +0800


Started GET "/assets/turbolinks.js?body=1" for 127.0.0.1 at 2016-01-31 23:23:27 +0800


Started GET "/assets/businesses.js?body=1" for 127.0.0.1 at 2016-01-31 23:23:27 +0800


Started GET "/assets/application.js?body=1" for 127.0.0.1 at 2016-01-31 23:23:27 +0800


Started GET "/assets/jobs.js?body=1" for 127.0.0.1 at 2016-01-31 23:23:27 +0800


Started GET "/users/sign_in" for 127.0.0.1 at 2016-01-31 23:23:29 +0800
Processing by Devise::SessionsController#new as HTML
  [1m[35mUser Load (0.2ms)[0m  SELECT  "users".* FROM "users"  WHERE "users"."id" = 1  ORDER BY "users"."id" ASC LIMIT 1
Redirected to http://0.0.0.0:3000/
Filter chain halted as :require_no_authentication rendered or redirected
Completed 302 Found in 2ms (ActiveRecord: 0.2ms)


Started GET "/" for 127.0.0.1 at 2016-01-31 23:23:29 +0800
Processing by HomeController#index as HTML
  Rendered home/index.haml within layouts/application (0.3ms)
  [1m[36mUser Load (0.2ms)[0m  [1mSELECT  "users".* FROM "users"  WHERE "users"."id" = 1  ORDER BY "users"."id" ASC LIMIT 1[0m
  Rendered layouts/components/shared/_navbar.html.haml (1.8ms)
Completed 200 OK in 46ms (Views: 45.2ms | ActiveRecord: 0.2ms)


Started GET "/assets/jquery_ujs.js?body=1" for 127.0.0.1 at 2016-01-31 23:23:29 +0800


Started GET "/assets/turbolinks.js?body=1" for 127.0.0.1 at 2016-01-31 23:23:29 +0800


Started GET "/assets/application.js?body=1" for 127.0.0.1 at 2016-01-31 23:23:29 +0800


Started GET "/assets/jobs.js?body=1" for 127.0.0.1 at 2016-01-31 23:23:29 +0800


Started GET "/assets/jquery.js?body=1" for 127.0.0.1 at 2016-01-31 23:23:29 +0800


Started GET "/assets/businesses.js?body=1" for 127.0.0.1 at 2016-01-31 23:23:29 +0800


Started GET "/" for 127.0.0.1 at 2016-01-31 23:23:43 +0800
Processing by HomeController#index as HTML
  Rendered home/index.haml within layouts/application (0.1ms)
  [1m[35mUser Load (0.2ms)[0m  SELECT  "users".* FROM "users"  WHERE "users"."id" = 1  ORDER BY "users"."id" ASC LIMIT 1
  Rendered layouts/components/shared/_navbar.html.haml (5.0ms)
Completed 200 OK in 47ms (Views: 46.6ms | ActiveRecord: 0.2ms)


Started GET "/assets/businesses.css?body=1" for 127.0.0.1 at 2016-01-31 23:23:43 +0800


Started GET "/assets/jobs.css?body=1" for 127.0.0.1 at 2016-01-31 23:23:43 +0800


Started GET "/assets/scaffolds.css?body=1" for 127.0.0.1 at 2016-01-31 23:23:43 +0800


Started GET "/assets/application.css?body=1" for 127.0.0.1 at 2016-01-31 23:23:43 +0800


Started GET "/assets/jquery_ujs.js?body=1" for 127.0.0.1 at 2016-01-31 23:23:43 +0800


Started GET "/assets/jquery.js?body=1" for 127.0.0.1 at 2016-01-31 23:23:43 +0800


Started GET "/assets/turbolinks.js?body=1" for 127.0.0.1 at 2016-01-31 23:23:43 +0800


Started GET "/assets/businesses.js?body=1" for 127.0.0.1 at 2016-01-31 23:23:43 +0800


Started GET "/assets/jobs.js?body=1" for 127.0.0.1 at 2016-01-31 23:23:43 +0800


Started GET "/assets/application.js?body=1" for 127.0.0.1 at 2016-01-31 23:23:43 +0800


Started GET "/users/sign_up" for 127.0.0.1 at 2016-01-31 23:23:45 +0800
Processing by Devise::RegistrationsController#new as HTML
  [1m[36mUser Load (0.2ms)[0m  [1mSELECT  "users".* FROM "users"  WHERE "users"."id" = 1  ORDER BY "users"."id" ASC LIMIT 1[0m
Redirected to http://0.0.0.0:3000/
Filter chain halted as :require_no_authentication rendered or redirected
Completed 302 Found in 1ms (ActiveRecord: 0.2ms)


Started GET "/" for 127.0.0.1 at 2016-01-31 23:23:45 +0800
Processing by HomeController#index as HTML
  Rendered home/index.haml within layouts/application (0.1ms)
  [1m[35mUser Load (0.2ms)[0m  SELECT  "users".* FROM "users"  WHERE "users"."id" = 1  ORDER BY "users"."id" ASC LIMIT 1
  Rendered layouts/components/shared/_navbar.html.haml (4.7ms)
Completed 200 OK in 38ms (Views: 37.3ms | ActiveRecord: 0.2ms)


Started GET "/assets/jquery.js?body=1" for 127.0.0.1 at 2016-01-31 23:23:45 +0800


Started GET "/assets/jquery_ujs.js?body=1" for 127.0.0.1 at 2016-01-31 23:23:45 +0800


Started GET "/assets/application.js?body=1" for 127.0.0.1 at 2016-01-31 23:23:45 +0800


Started GET "/assets/businesses.js?body=1" for 127.0.0.1 at 2016-01-31 23:23:45 +0800


Started GET "/assets/jobs.js?body=1" for 127.0.0.1 at 2016-01-31 23:23:45 +0800


Started GET "/assets/turbolinks.js?body=1" for 127.0.0.1 at 2016-01-31 23:23:45 +0800


Started GET "/" for 127.0.0.1 at 2016-01-31 23:23:48 +0800
Processing by HomeController#index as HTML
  Rendered home/index.haml within layouts/application (0.1ms)
  [1m[36mUser Load (0.2ms)[0m  [1mSELECT  "users".* FROM "users"  WHERE "users"."id" = 1  ORDER BY "users"."id" ASC LIMIT 1[0m
  Rendered layouts/components/shared/_navbar.html.haml (1.9ms)
Completed 200 OK in 33ms (Views: 32.1ms | ActiveRecord: 0.2ms)


Started GET "/assets/businesses.css?body=1" for 127.0.0.1 at 2016-01-31 23:23:48 +0800


Started GET "/assets/jobs.css?body=1" for 127.0.0.1 at 2016-01-31 23:23:48 +0800


Started GET "/assets/application.css?body=1" for 127.0.0.1 at 2016-01-31 23:23:48 +0800


Started GET "/assets/scaffolds.css?body=1" for 127.0.0.1 at 2016-01-31 23:23:48 +0800


Started GET "/assets/jquery.js?body=1" for 127.0.0.1 at 2016-01-31 23:23:48 +0800


Started GET "/assets/jquery_ujs.js?body=1" for 127.0.0.1 at 2016-01-31 23:23:48 +0800


Started GET "/assets/turbolinks.js?body=1" for 127.0.0.1 at 2016-01-31 23:23:48 +0800


Started GET "/assets/businesses.js?body=1" for 127.0.0.1 at 2016-01-31 23:23:48 +0800


Started GET "/assets/jobs.js?body=1" for 127.0.0.1 at 2016-01-31 23:23:48 +0800


Started GET "/assets/application.js?body=1" for 127.0.0.1 at 2016-01-31 23:23:48 +0800


Started GET "/users/sign_up" for 127.0.0.1 at 2016-01-31 23:23:50 +0800
Processing by Devise::RegistrationsController#new as HTML
  [1m[35mUser Load (0.2ms)[0m  SELECT  "users".* FROM "users"  WHERE "users"."id" = 1  ORDER BY "users"."id" ASC LIMIT 1
Redirected to http://0.0.0.0:3000/
Filter chain halted as :require_no_authentication rendered or redirected
Completed 302 Found in 1ms (ActiveRecord: 0.2ms)


Started GET "/" for 127.0.0.1 at 2016-01-31 23:23:50 +0800
Processing by HomeController#index as HTML
  Rendered home/index.haml within layouts/application (0.1ms)
  [1m[36mUser Load (0.2ms)[0m  [1mSELECT  "users".* FROM "users"  WHERE "users"."id" = 1  ORDER BY "users"."id" ASC LIMIT 1[0m
  Rendered layouts/components/shared/_navbar.html.haml (1.5ms)
Completed 200 OK in 35ms (Views: 34.1ms | ActiveRecord: 0.2ms)


Started GET "/assets/jquery.js?body=1" for 127.0.0.1 at 2016-01-31 23:23:50 +0800


Started GET "/assets/jobs.js?body=1" for 127.0.0.1 at 2016-01-31 23:23:50 +0800


Started GET "/assets/businesses.js?body=1" for 127.0.0.1 at 2016-01-31 23:23:50 +0800


Started GET "/assets/jquery_ujs.js?body=1" for 127.0.0.1 at 2016-01-31 23:23:50 +0800


Started GET "/assets/turbolinks.js?body=1" for 127.0.0.1 at 2016-01-31 23:23:50 +0800


Started GET "/assets/application.js?body=1" for 127.0.0.1 at 2016-01-31 23:23:50 +0800


Started GET "/users/sign_in" for 127.0.0.1 at 2016-01-31 23:23:53 +0800
Processing by Devise::SessionsController#new as HTML
  [1m[35mUser Load (0.2ms)[0m  SELECT  "users".* FROM "users"  WHERE "users"."id" = 1  ORDER BY "users"."id" ASC LIMIT 1
Redirected to http://0.0.0.0:3000/
Filter chain halted as :require_no_authentication rendered or redirected
Completed 302 Found in 1ms (ActiveRecord: 0.2ms)


Started GET "/" for 127.0.0.1 at 2016-01-31 23:23:53 +0800
Processing by HomeController#index as HTML
  Rendered home/index.haml within layouts/application (0.1ms)
  [1m[36mUser Load (0.2ms)[0m  [1mSELECT  "users".* FROM "users"  WHERE "users"."id" = 1  ORDER BY "users"."id" ASC LIMIT 1[0m
  Rendered layouts/components/shared/_navbar.html.haml (2.0ms)
Completed 200 OK in 42ms (Views: 41.7ms | ActiveRecord: 0.2ms)


Started GET "/assets/jquery.js?body=1" for 127.0.0.1 at 2016-01-31 23:23:53 +0800


Started GET "/assets/jobs.js?body=1" for 127.0.0.1 at 2016-01-31 23:23:53 +0800


Started GET "/assets/businesses.js?body=1" for 127.0.0.1 at 2016-01-31 23:23:53 +0800


Started GET "/assets/application.js?body=1" for 127.0.0.1 at 2016-01-31 23:23:53 +0800


Started GET "/assets/jquery_ujs.js?body=1" for 127.0.0.1 at 2016-01-31 23:23:53 +0800


Started GET "/assets/turbolinks.js?body=1" for 127.0.0.1 at 2016-01-31 23:23:53 +0800


Started GET "/users/sign_up" for 127.0.0.1 at 2016-01-31 23:24:04 +0800
Processing by Devise::RegistrationsController#new as HTML
  [1m[35mUser Load (0.1ms)[0m  SELECT  "users".* FROM "users"  WHERE "users"."id" = 1  ORDER BY "users"."id" ASC LIMIT 1
Redirected to http://0.0.0.0:3000/
Filter chain halted as :require_no_authentication rendered or redirected
Completed 302 Found in 2ms (ActiveRecord: 0.1ms)


Started GET "/" for 127.0.0.1 at 2016-01-31 23:24:04 +0800
Processing by HomeController#index as HTML
  Rendered home/index.haml within layouts/application (0.1ms)
  [1m[36mUser Load (0.2ms)[0m  [1mSELECT  "users".* FROM "users"  WHERE "users"."id" = 1  ORDER BY "users"."id" ASC LIMIT 1[0m
  Rendered layouts/components/shared/_navbar.html.haml (2.4ms)
Completed 200 OK in 43ms (Views: 42.3ms | ActiveRecord: 0.2ms)


Started GET "/assets/jquery.js?body=1" for 127.0.0.1 at 2016-01-31 23:24:04 +0800


Started GET "/assets/jquery_ujs.js?body=1" for 127.0.0.1 at 2016-01-31 23:24:04 +0800


Started GET "/assets/turbolinks.js?body=1" for 127.0.0.1 at 2016-01-31 23:24:04 +0800


Started GET "/assets/businesses.js?body=1" for 127.0.0.1 at 2016-01-31 23:24:04 +0800


Started GET "/assets/application.js?body=1" for 127.0.0.1 at 2016-01-31 23:24:04 +0800


Started GET "/assets/jobs.js?body=1" for 127.0.0.1 at 2016-01-31 23:24:04 +0800


Started GET "/users/sign_in" for 127.0.0.1 at 2016-01-31 23:24:05 +0800
Processing by Devise::SessionsController#new as HTML
  [1m[35mUser Load (0.2ms)[0m  SELECT  "users".* FROM "users"  WHERE "users"."id" = 1  ORDER BY "users"."id" ASC LIMIT 1
Redirected to http://0.0.0.0:3000/
Filter chain halted as :require_no_authentication rendered or redirected
Completed 302 Found in 2ms (ActiveRecord: 0.2ms)


Started GET "/" for 127.0.0.1 at 2016-01-31 23:24:05 +0800
Processing by HomeController#index as HTML
  Rendered home/index.haml within layouts/application (0.1ms)
  [1m[36mUser Load (0.3ms)[0m  [1mSELECT  "users".* FROM "users"  WHERE "users"."id" = 1  ORDER BY "users"."id" ASC LIMIT 1[0m
  Rendered layouts/components/shared/_navbar.html.haml (2.1ms)
Completed 200 OK in 41ms (Views: 39.8ms | ActiveRecord: 0.3ms)


Started GET "/assets/jquery.js?body=1" for 127.0.0.1 at 2016-01-31 23:24:05 +0800


Started GET "/assets/turbolinks.js?body=1" for 127.0.0.1 at 2016-01-31 23:24:05 +0800


Started GET "/assets/jquery_ujs.js?body=1" for 127.0.0.1 at 2016-01-31 23:24:05 +0800


Started GET "/assets/application.js?body=1" for 127.0.0.1 at 2016-01-31 23:24:05 +0800


Started GET "/assets/businesses.js?body=1" for 127.0.0.1 at 2016-01-31 23:24:05 +0800


Started GET "/assets/jobs.js?body=1" for 127.0.0.1 at 2016-01-31 23:24:05 +0800


Started GET "/users/sign_up" for 127.0.0.1 at 2016-01-31 23:24:06 +0800
Processing by Devise::RegistrationsController#new as HTML
  [1m[35mUser Load (0.2ms)[0m  SELECT  "users".* FROM "users"  WHERE "users"."id" = 1  ORDER BY "users"."id" ASC LIMIT 1
Redirected to http://0.0.0.0:3000/
Filter chain halted as :require_no_authentication rendered or redirected
Completed 302 Found in 2ms (ActiveRecord: 0.2ms)


Started GET "/" for 127.0.0.1 at 2016-01-31 23:24:06 +0800
Processing by HomeController#index as HTML
  Rendered home/index.haml within layouts/application (0.1ms)
  [1m[36mUser Load (0.2ms)[0m  [1mSELECT  "users".* FROM "users"  WHERE "users"."id" = 1  ORDER BY "users"."id" ASC LIMIT 1[0m
  Rendered layouts/components/shared/_navbar.html.haml (2.1ms)
Completed 200 OK in 39ms (Views: 38.4ms | ActiveRecord: 0.2ms)


Started GET "/assets/jquery.js?body=1" for 127.0.0.1 at 2016-01-31 23:24:06 +0800


Started GET "/assets/jquery_ujs.js?body=1" for 127.0.0.1 at 2016-01-31 23:24:06 +0800


Started GET "/assets/businesses.js?body=1" for 127.0.0.1 at 2016-01-31 23:24:06 +0800


Started GET "/assets/jobs.js?body=1" for 127.0.0.1 at 2016-01-31 23:24:06 +0800


Started GET "/assets/turbolinks.js?body=1" for 127.0.0.1 at 2016-01-31 23:24:06 +0800


Started GET "/assets/application.js?body=1" for 127.0.0.1 at 2016-01-31 23:24:06 +0800


Started GET "/users/sign_in" for 127.0.0.1 at 2016-01-31 23:24:07 +0800
Processing by Devise::SessionsController#new as HTML
  [1m[35mUser Load (0.2ms)[0m  SELECT  "users".* FROM "users"  WHERE "users"."id" = 1  ORDER BY "users"."id" ASC LIMIT 1
Redirected to http://0.0.0.0:3000/
Filter chain halted as :require_no_authentication rendered or redirected
Completed 302 Found in 2ms (ActiveRecord: 0.2ms)


Started GET "/" for 127.0.0.1 at 2016-01-31 23:24:07 +0800
Processing by HomeController#index as HTML
  Rendered home/index.haml within layouts/application (0.2ms)
  [1m[36mUser Load (0.2ms)[0m  [1mSELECT  "users".* FROM "users"  WHERE "users"."id" = 1  ORDER BY "users"."id" ASC LIMIT 1[0m
  Rendered layouts/components/shared/_navbar.html.haml (2.0ms)
Completed 200 OK in 33ms (Views: 32.3ms | ActiveRecord: 0.2ms)


Started GET "/assets/jquery.js?body=1" for 127.0.0.1 at 2016-01-31 23:24:07 +0800


Started GET "/assets/turbolinks.js?body=1" for 127.0.0.1 at 2016-01-31 23:24:07 +0800


Started GET "/assets/jquery_ujs.js?body=1" for 127.0.0.1 at 2016-01-31 23:24:07 +0800


Started GET "/assets/jobs.js?body=1" for 127.0.0.1 at 2016-01-31 23:24:07 +0800


Started GET "/assets/businesses.js?body=1" for 127.0.0.1 at 2016-01-31 23:24:07 +0800


Started GET "/assets/application.js?body=1" for 127.0.0.1 at 2016-01-31 23:24:07 +0800


Started GET "/" for 127.0.0.1 at 2016-01-31 23:24:08 +0800
Processing by HomeController#index as HTML
  Rendered home/index.haml within layouts/application (0.1ms)
  [1m[35mUser Load (0.2ms)[0m  SELECT  "users".* FROM "users"  WHERE "users"."id" = 1  ORDER BY "users"."id" ASC LIMIT 1
  Rendered layouts/components/shared/_navbar.html.haml (1.6ms)
Completed 200 OK in 33ms (Views: 31.9ms | ActiveRecord: 0.2ms)


Started GET "/assets/jobs.css?body=1" for 127.0.0.1 at 2016-01-31 23:24:08 +0800


Started GET "/assets/businesses.css?body=1" for 127.0.0.1 at 2016-01-31 23:24:08 +0800


Started GET "/assets/scaffolds.css?body=1" for 127.0.0.1 at 2016-01-31 23:24:08 +0800


Started GET "/assets/application.css?body=1" for 127.0.0.1 at 2016-01-31 23:24:08 +0800


Started GET "/assets/jquery_ujs.js?body=1" for 127.0.0.1 at 2016-01-31 23:24:08 +0800


Started GET "/assets/jquery.js?body=1" for 127.0.0.1 at 2016-01-31 23:24:08 +0800


Started GET "/assets/turbolinks.js?body=1" for 127.0.0.1 at 2016-01-31 23:24:08 +0800


Started GET "/assets/businesses.js?body=1" for 127.0.0.1 at 2016-01-31 23:24:08 +0800


Started GET "/assets/jobs.js?body=1" for 127.0.0.1 at 2016-01-31 23:24:08 +0800


Started GET "/assets/application.js?body=1" for 127.0.0.1 at 2016-01-31 23:24:08 +0800


Started GET "/" for 127.0.0.1 at 2016-01-31 23:24:34 +0800
Processing by HomeController#index as HTML
  Rendered home/index.haml within layouts/application (0.1ms)
  Rendered layouts/components/shared/_navbar.html.haml (6.5ms)
Completed 200 OK in 70ms (Views: 69.3ms | ActiveRecord: 0.0ms)


Started GET "/assets/scaffolds.css?body=1" for 127.0.0.1 at 2016-01-31 23:24:35 +0800


Started GET "/assets/jobs.css?body=1" for 127.0.0.1 at 2016-01-31 23:24:35 +0800


Started GET "/assets/businesses.css?body=1" for 127.0.0.1 at 2016-01-31 23:24:35 +0800


Started GET "/assets/jquery.js?body=1" for 127.0.0.1 at 2016-01-31 23:24:35 +0800


Started GET "/assets/jquery_ujs.js?body=1" for 127.0.0.1 at 2016-01-31 23:24:35 +0800


Started GET "/assets/application.css?body=1" for 127.0.0.1 at 2016-01-31 23:24:35 +0800


Started GET "/assets/turbolinks.js?body=1" for 127.0.0.1 at 2016-01-31 23:24:35 +0800


Started GET "/assets/businesses.js?body=1" for 127.0.0.1 at 2016-01-31 23:24:35 +0800


Started GET "/assets/jobs.js?body=1" for 127.0.0.1 at 2016-01-31 23:24:35 +0800


Started GET "/assets/application.js?body=1" for 127.0.0.1 at 2016-01-31 23:24:35 +0800


Started GET "/users/sign_out" for 127.0.0.1 at 2016-01-31 23:24:37 +0800

ActionController::RoutingError (No route matches [GET] "/users/sign_out"):
  actionpack (4.1.14.1) lib/action_dispatch/middleware/debug_exceptions.rb:21:in `call'
  actionpack (4.1.14.1) lib/action_dispatch/middleware/show_exceptions.rb:30:in `call'
  railties (4.1.14.1) lib/rails/rack/logger.rb:38:in `call_app'
  railties (4.1.14.1) lib/rails/rack/logger.rb:20:in `block in call'
  activesupport (4.1.14.1) lib/active_support/tagged_logging.rb:68:in `block in tagged'
  activesupport (4.1.14.1) lib/active_support/tagged_logging.rb:26:in `tagged'
  activesupport (4.1.14.1) lib/active_support/tagged_logging.rb:68:in `tagged'
  railties (4.1.14.1) lib/rails/rack/logger.rb:20:in `call'
  actionpack (4.1.14.1) lib/action_dispatch/middleware/request_id.rb:21:in `call'
  rack (1.5.5) lib/rack/methodoverride.rb:21:in `call'
  rack (1.5.5) lib/rack/runtime.rb:17:in `call'
  activesupport (4.1.14.1) lib/active_support/cache/strategy/local_cache_middleware.rb:26:in `call'
  rack (1.5.5) lib/rack/lock.rb:17:in `call'
  actionpack (4.1.14.1) lib/action_dispatch/middleware/static.rb:84:in `call'
  rack (1.5.5) lib/rack/sendfile.rb:112:in `call'
  railties (4.1.14.1) lib/rails/engine.rb:514:in `call'
  railties (4.1.14.1) lib/rails/application.rb:144:in `call'
  rack (1.5.5) lib/rack/lock.rb:17:in `call'
  rack (1.5.5) lib/rack/content_length.rb:14:in `call'
  rack (1.5.5) lib/rack/handler/webrick.rb:60:in `service'
  /Users/nateguy/.rvm/rubies/ruby-2.3.0/lib/ruby/2.3.0/webrick/httpserver.rb:140:in `service'
  /Users/nateguy/.rvm/rubies/ruby-2.3.0/lib/ruby/2.3.0/webrick/httpserver.rb:96:in `run'
  /Users/nateguy/.rvm/rubies/ruby-2.3.0/lib/ruby/2.3.0/webrick/server.rb:296:in `block in start_thread'


  Rendered /Users/nateguy/.rvm/gems/ruby-2.3.0/gems/actionpack-4.1.14.1/lib/action_dispatch/middleware/templates/rescues/_trace.html.erb (1.2ms)
  Rendered /Users/nateguy/.rvm/gems/ruby-2.3.0/gems/actionpack-4.1.14.1/lib/action_dispatch/middleware/templates/routes/_route.html.erb (2.1ms)
  Rendered /Users/nateguy/.rvm/gems/ruby-2.3.0/gems/actionpack-4.1.14.1/lib/action_dispatch/middleware/templates/routes/_table.html.erb (0.9ms)
  Rendered /Users/nateguy/.rvm/gems/ruby-2.3.0/gems/actionpack-4.1.14.1/lib/action_dispatch/middleware/templates/rescues/routing_error.html.erb within rescues/layout (53.8ms)


Started GET "/users/sign_out" for 127.0.0.1 at 2016-01-31 23:24:37 +0800

ActionController::RoutingError (No route matches [GET] "/users/sign_out"):
  actionpack (4.1.14.1) lib/action_dispatch/middleware/debug_exceptions.rb:21:in `call'
  actionpack (4.1.14.1) lib/action_dispatch/middleware/show_exceptions.rb:30:in `call'
  railties (4.1.14.1) lib/rails/rack/logger.rb:38:in `call_app'
  railties (4.1.14.1) lib/rails/rack/logger.rb:20:in `block in call'
  activesupport (4.1.14.1) lib/active_support/tagged_logging.rb:68:in `block in tagged'
  activesupport (4.1.14.1) lib/active_support/tagged_logging.rb:26:in `tagged'
  activesupport (4.1.14.1) lib/active_support/tagged_logging.rb:68:in `tagged'
  railties (4.1.14.1) lib/rails/rack/logger.rb:20:in `call'
  actionpack (4.1.14.1) lib/action_dispatch/middleware/request_id.rb:21:in `call'
  rack (1.5.5) lib/rack/methodoverride.rb:21:in `call'
  rack (1.5.5) lib/rack/runtime.rb:17:in `call'
  activesupport (4.1.14.1) lib/active_support/cache/strategy/local_cache_middleware.rb:26:in `call'
  rack (1.5.5) lib/rack/lock.rb:17:in `call'
  actionpack (4.1.14.1) lib/action_dispatch/middleware/static.rb:84:in `call'
  rack (1.5.5) lib/rack/sendfile.rb:112:in `call'
  railties (4.1.14.1) lib/rails/engine.rb:514:in `call'
  railties (4.1.14.1) lib/rails/application.rb:144:in `call'
  rack (1.5.5) lib/rack/lock.rb:17:in `call'
  rack (1.5.5) lib/rack/content_length.rb:14:in `call'
  rack (1.5.5) lib/rack/handler/webrick.rb:60:in `service'
  /Users/nateguy/.rvm/rubies/ruby-2.3.0/lib/ruby/2.3.0/webrick/httpserver.rb:140:in `service'
  /Users/nateguy/.rvm/rubies/ruby-2.3.0/lib/ruby/2.3.0/webrick/httpserver.rb:96:in `run'
  /Users/nateguy/.rvm/rubies/ruby-2.3.0/lib/ruby/2.3.0/webrick/server.rb:296:in `block in start_thread'


  Rendered /Users/nateguy/.rvm/gems/ruby-2.3.0/gems/actionpack-4.1.14.1/lib/action_dispatch/middleware/templates/rescues/_trace.html.erb (1.3ms)
  Rendered /Users/nateguy/.rvm/gems/ruby-2.3.0/gems/actionpack-4.1.14.1/lib/action_dispatch/middleware/templates/routes/_route.html.erb (3.5ms)
  Rendered /Users/nateguy/.rvm/gems/ruby-2.3.0/gems/actionpack-4.1.14.1/lib/action_dispatch/middleware/templates/routes/_table.html.erb (1.0ms)
  Rendered /Users/nateguy/.rvm/gems/ruby-2.3.0/gems/actionpack-4.1.14.1/lib/action_dispatch/middleware/templates/rescues/routing_error.html.erb within rescues/layout (59.9ms)


Started GET "/users/sign_out" for 127.0.0.1 at 2016-01-31 23:25:09 +0800

ActionController::RoutingError (No route matches [GET] "/users/sign_out"):
  actionpack (4.1.14.1) lib/action_dispatch/middleware/debug_exceptions.rb:21:in `call'
  actionpack (4.1.14.1) lib/action_dispatch/middleware/show_exceptions.rb:30:in `call'
  railties (4.1.14.1) lib/rails/rack/logger.rb:38:in `call_app'
  railties (4.1.14.1) lib/rails/rack/logger.rb:20:in `block in call'
  activesupport (4.1.14.1) lib/active_support/tagged_logging.rb:68:in `block in tagged'
  activesupport (4.1.14.1) lib/active_support/tagged_logging.rb:26:in `tagged'
  activesupport (4.1.14.1) lib/active_support/tagged_logging.rb:68:in `tagged'
  railties (4.1.14.1) lib/rails/rack/logger.rb:20:in `call'
  actionpack (4.1.14.1) lib/action_dispatch/middleware/request_id.rb:21:in `call'
  rack (1.5.5) lib/rack/methodoverride.rb:21:in `call'
  rack (1.5.5) lib/rack/runtime.rb:17:in `call'
  activesupport (4.1.14.1) lib/active_support/cache/strategy/local_cache_middleware.rb:26:in `call'
  rack (1.5.5) lib/rack/lock.rb:17:in `call'
  actionpack (4.1.14.1) lib/action_dispatch/middleware/static.rb:84:in `call'
  rack (1.5.5) lib/rack/sendfile.rb:112:in `call'
  railties (4.1.14.1) lib/rails/engine.rb:514:in `call'
  railties (4.1.14.1) lib/rails/application.rb:144:in `call'
  rack (1.5.5) lib/rack/lock.rb:17:in `call'
  rack (1.5.5) lib/rack/content_length.rb:14:in `call'
  rack (1.5.5) lib/rack/handler/webrick.rb:60:in `service'
  /Users/nateguy/.rvm/rubies/ruby-2.3.0/lib/ruby/2.3.0/webrick/httpserver.rb:140:in `service'
  /Users/nateguy/.rvm/rubies/ruby-2.3.0/lib/ruby/2.3.0/webrick/httpserver.rb:96:in `run'
  /Users/nateguy/.rvm/rubies/ruby-2.3.0/lib/ruby/2.3.0/webrick/server.rb:296:in `block in start_thread'


  Rendered /Users/nateguy/.rvm/gems/ruby-2.3.0/gems/actionpack-4.1.14.1/lib/action_dispatch/middleware/templates/rescues/_trace.html.erb (1.3ms)
  Rendered /Users/nateguy/.rvm/gems/ruby-2.3.0/gems/actionpack-4.1.14.1/lib/action_dispatch/middleware/templates/routes/_route.html.erb (2.8ms)
  Rendered /Users/nateguy/.rvm/gems/ruby-2.3.0/gems/actionpack-4.1.14.1/lib/action_dispatch/middleware/templates/routes/_table.html.erb (1.1ms)
  Rendered /Users/nateguy/.rvm/gems/ruby-2.3.0/gems/actionpack-4.1.14.1/lib/action_dispatch/middleware/templates/rescues/routing_error.html.erb within rescues/layout (58.6ms)


Started GET "/" for 127.0.0.1 at 2016-01-31 23:25:11 +0800
Processing by HomeController#index as HTML
  Rendered home/index.haml within layouts/application (0.1ms)
  Rendered layouts/components/shared/_navbar.html.haml (4.3ms)
Completed 200 OK in 42ms (Views: 42.0ms | ActiveRecord: 0.0ms)


Started GET "/assets/businesses.css?body=1" for 127.0.0.1 at 2016-01-31 23:25:11 +0800


Started GET "/assets/jquery.js?body=1" for 127.0.0.1 at 2016-01-31 23:25:11 +0800


Started GET "/assets/jobs.css?body=1" for 127.0.0.1 at 2016-01-31 23:25:11 +0800


Started GET "/assets/application.css?body=1" for 127.0.0.1 at 2016-01-31 23:25:11 +0800


Started GET "/assets/jquery_ujs.js?body=1" for 127.0.0.1 at 2016-01-31 23:25:11 +0800


Started GET "/assets/scaffolds.css?body=1" for 127.0.0.1 at 2016-01-31 23:25:11 +0800


Started GET "/assets/turbolinks.js?body=1" for 127.0.0.1 at 2016-01-31 23:25:11 +0800


Started GET "/assets/businesses.js?body=1" for 127.0.0.1 at 2016-01-31 23:25:11 +0800


Started GET "/assets/jobs.js?body=1" for 127.0.0.1 at 2016-01-31 23:25:11 +0800


Started GET "/assets/application.js?body=1" for 127.0.0.1 at 2016-01-31 23:25:11 +0800


Started GET "/users/sign_in" for 127.0.0.1 at 2016-01-31 23:25:13 +0800
Processing by Devise::SessionsController#new as HTML
  Rendered devise/shared/_links.html.erb (1.2ms)
  Rendered devise/sessions/new.html.erb within layouts/application (21.1ms)
  Rendered layouts/components/shared/_navbar.html.haml (0.8ms)
Completed 200 OK in 58ms (Views: 54.9ms | ActiveRecord: 0.0ms)


Started GET "/assets/jquery.js?body=1" for 127.0.0.1 at 2016-01-31 23:25:13 +0800


Started GET "/assets/turbolinks.js?body=1" for 127.0.0.1 at 2016-01-31 23:25:13 +0800


Started GET "/assets/jquery_ujs.js?body=1" for 127.0.0.1 at 2016-01-31 23:25:13 +0800


Started GET "/assets/businesses.js?body=1" for 127.0.0.1 at 2016-01-31 23:25:13 +0800


Started GET "/assets/application.js?body=1" for 127.0.0.1 at 2016-01-31 23:25:13 +0800


Started GET "/assets/jobs.js?body=1" for 127.0.0.1 at 2016-01-31 23:25:13 +0800


Started POST "/users/sign_in" for 127.0.0.1 at 2016-01-31 23:25:20 +0800
Processing by Devise::SessionsController#create as HTML
  Parameters: {"utf8"=>"âœ“", "authenticity_token"=>"nYc7OxYXi7QN7f5AdExAxo14MOex0ISueop9kNXZclU=", "user"=>{"email"=>"nateguy@gmail.com", "password"=>"[FILTERED]", "remember_me"=>"0"}, "commit"=>"Log in"}
  [1m[36mUser Load (0.2ms)[0m  [1mSELECT  "users".* FROM "users"  WHERE "users"."email" = 'nateguy@gmail.com'  ORDER BY "users"."id" ASC LIMIT 1[0m
  [1m[35m (0.1ms)[0m  begin transaction
  [1m[36mSQL (0.4ms)[0m  [1mUPDATE "users" SET "current_sign_in_at" = ?, "sign_in_count" = ?, "updated_at" = ? WHERE "users"."id" = 1[0m  [["current_sign_in_at", "2016-01-31 15:25:20.783543"], ["sign_in_count", 2], ["updated_at", "2016-01-31 15:25:20.784661"]]
  [1m[35m (1.4ms)[0m  commit transaction
Redirected to http://0.0.0.0:3000/
Completed 302 Found in 98ms (ActiveRecord: 2.1ms)


Started GET "/" for 127.0.0.1 at 2016-01-31 23:25:20 +0800
Processing by HomeController#index as HTML
  Rendered home/index.haml within layouts/application (0.2ms)
  [1m[36mUser Load (0.2ms)[0m  [1mSELECT  "users".* FROM "users"  WHERE "users"."id" = 1  ORDER BY "users"."id" ASC LIMIT 1[0m
  Rendered layouts/components/shared/_navbar.html.haml (1.9ms)
Completed 200 OK in 39ms (Views: 37.9ms | ActiveRecord: 0.2ms)


Started GET "/assets/businesses.css?body=1" for 127.0.0.1 at 2016-01-31 23:25:20 +0800


Started GET "/assets/jquery_ujs.js?body=1" for 127.0.0.1 at 2016-01-31 23:25:20 +0800


Started GET "/assets/scaffolds.css?body=1" for 127.0.0.1 at 2016-01-31 23:25:20 +0800


Started GET "/assets/jobs.css?body=1" for 127.0.0.1 at 2016-01-31 23:25:20 +0800


Started GET "/assets/jquery.js?body=1" for 127.0.0.1 at 2016-01-31 23:25:20 +0800


Started GET "/assets/application.css?body=1" for 127.0.0.1 at 2016-01-31 23:25:20 +0800


Started GET "/assets/turbolinks.js?body=1" for 127.0.0.1 at 2016-01-31 23:25:20 +0800


Started GET "/assets/businesses.js?body=1" for 127.0.0.1 at 2016-01-31 23:25:20 +0800


Started GET "/assets/jobs.js?body=1" for 127.0.0.1 at 2016-01-31 23:25:20 +0800


Started GET "/assets/application.js?body=1" for 127.0.0.1 at 2016-01-31 23:25:20 +0800


Started GET "/users/sign_out" for 127.0.0.1 at 2016-01-31 23:25:22 +0800

ActionController::RoutingError (No route matches [GET] "/users/sign_out"):
  actionpack (4.1.14.1) lib/action_dispatch/middleware/debug_exceptions.rb:21:in `call'
  actionpack (4.1.14.1) lib/action_dispatch/middleware/show_exceptions.rb:30:in `call'
  railties (4.1.14.1) lib/rails/rack/logger.rb:38:in `call_app'
  railties (4.1.14.1) lib/rails/rack/logger.rb:20:in `block in call'
  activesupport (4.1.14.1) lib/active_support/tagged_logging.rb:68:in `block in tagged'
  activesupport (4.1.14.1) lib/active_support/tagged_logging.rb:26:in `tagged'
  activesupport (4.1.14.1) lib/active_support/tagged_logging.rb:68:in `tagged'
  railties (4.1.14.1) lib/rails/rack/logger.rb:20:in `call'
  actionpack (4.1.14.1) lib/action_dispatch/middleware/request_id.rb:21:in `call'
  rack (1.5.5) lib/rack/methodoverride.rb:21:in `call'
  rack (1.5.5) lib/rack/runtime.rb:17:in `call'
  activesupport (4.1.14.1) lib/active_support/cache/strategy/local_cache_middleware.rb:26:in `call'
  rack (1.5.5) lib/rack/lock.rb:17:in `call'
  actionpack (4.1.14.1) lib/action_dispatch/middleware/static.rb:84:in `call'
  rack (1.5.5) lib/rack/sendfile.rb:112:in `call'
  railties (4.1.14.1) lib/rails/engine.rb:514:in `call'
  railties (4.1.14.1) lib/rails/application.rb:144:in `call'
  rack (1.5.5) lib/rack/lock.rb:17:in `call'
  rack (1.5.5) lib/rack/content_length.rb:14:in `call'
  rack (1.5.5) lib/rack/handler/webrick.rb:60:in `service'
  /Users/nateguy/.rvm/rubies/ruby-2.3.0/lib/ruby/2.3.0/webrick/httpserver.rb:140:in `service'
  /Users/nateguy/.rvm/rubies/ruby-2.3.0/lib/ruby/2.3.0/webrick/httpserver.rb:96:in `run'
  /Users/nateguy/.rvm/rubies/ruby-2.3.0/lib/ruby/2.3.0/webrick/server.rb:296:in `block in start_thread'


  Rendered /Users/nateguy/.rvm/gems/ruby-2.3.0/gems/actionpack-4.1.14.1/lib/action_dispatch/middleware/templates/rescues/_trace.html.erb (0.8ms)
  Rendered /Users/nateguy/.rvm/gems/ruby-2.3.0/gems/actionpack-4.1.14.1/lib/action_dispatch/middleware/templates/routes/_route.html.erb (2.1ms)
  Rendered /Users/nateguy/.rvm/gems/ruby-2.3.0/gems/actionpack-4.1.14.1/lib/action_dispatch/middleware/templates/routes/_table.html.erb (0.9ms)
  Rendered /Users/nateguy/.rvm/gems/ruby-2.3.0/gems/actionpack-4.1.14.1/lib/action_dispatch/middleware/templates/rescues/routing_error.html.erb within rescues/layout (54.9ms)


Started GET "/users/sign_out" for 127.0.0.1 at 2016-01-31 23:25:23 +0800

ActionController::RoutingError (No route matches [GET] "/users/sign_out"):
  actionpack (4.1.14.1) lib/action_dispatch/middleware/debug_exceptions.rb:21:in `call'
  actionpack (4.1.14.1) lib/action_dispatch/middleware/show_exceptions.rb:30:in `call'
  railties (4.1.14.1) lib/rails/rack/logger.rb:38:in `call_app'
  railties (4.1.14.1) lib/rails/rack/logger.rb:20:in `block in call'
  activesupport (4.1.14.1) lib/active_support/tagged_logging.rb:68:in `block in tagged'
  activesupport (4.1.14.1) lib/active_support/tagged_logging.rb:26:in `tagged'
  activesupport (4.1.14.1) lib/active_support/tagged_logging.rb:68:in `tagged'
  railties (4.1.14.1) lib/rails/rack/logger.rb:20:in `call'
  actionpack (4.1.14.1) lib/action_dispatch/middleware/request_id.rb:21:in `call'
  rack (1.5.5) lib/rack/methodoverride.rb:21:in `call'
  rack (1.5.5) lib/rack/runtime.rb:17:in `call'
  activesupport (4.1.14.1) lib/active_support/cache/strategy/local_cache_middleware.rb:26:in `call'
  rack (1.5.5) lib/rack/lock.rb:17:in `call'
  actionpack (4.1.14.1) lib/action_dispatch/middleware/static.rb:84:in `call'
  rack (1.5.5) lib/rack/sendfile.rb:112:in `call'
  railties (4.1.14.1) lib/rails/engine.rb:514:in `call'
  railties (4.1.14.1) lib/rails/application.rb:144:in `call'
  rack (1.5.5) lib/rack/lock.rb:17:in `call'
  rack (1.5.5) lib/rack/content_length.rb:14:in `call'
  rack (1.5.5) lib/rack/handler/webrick.rb:60:in `service'
  /Users/nateguy/.rvm/rubies/ruby-2.3.0/lib/ruby/2.3.0/webrick/httpserver.rb:140:in `service'
  /Users/nateguy/.rvm/rubies/ruby-2.3.0/lib/ruby/2.3.0/webrick/httpserver.rb:96:in `run'
  /Users/nateguy/.rvm/rubies/ruby-2.3.0/lib/ruby/2.3.0/webrick/server.rb:296:in `block in start_thread'


  Rendered /Users/nateguy/.rvm/gems/ruby-2.3.0/gems/actionpack-4.1.14.1/lib/action_dispatch/middleware/templates/rescues/_trace.html.erb (0.9ms)
  Rendered /Users/nateguy/.rvm/gems/ruby-2.3.0/gems/actionpack-4.1.14.1/lib/action_dispatch/middleware/templates/routes/_route.html.erb (2.5ms)
  Rendered /Users/nateguy/.rvm/gems/ruby-2.3.0/gems/actionpack-4.1.14.1/lib/action_dispatch/middleware/templates/routes/_table.html.erb (0.9ms)
  Rendered /Users/nateguy/.rvm/gems/ruby-2.3.0/gems/actionpack-4.1.14.1/lib/action_dispatch/middleware/templates/rescues/routing_error.html.erb within rescues/layout (55.6ms)


Started GET "/" for 127.0.0.1 at 2016-01-31 23:27:16 +0800
Processing by HomeController#index as HTML
  Rendered home/index.haml within layouts/application (0.3ms)
  [1m[35mUser Load (0.2ms)[0m  SELECT  "users".* FROM "users"  WHERE "users"."id" = 1  ORDER BY "users"."id" ASC LIMIT 1
  Rendered layouts/components/shared/_navbar.html.haml (1.5ms)
Completed 200 OK in 35ms (Views: 34.7ms | ActiveRecord: 0.2ms)


Started GET "/assets/businesses.css?body=1" for 127.0.0.1 at 2016-01-31 23:27:16 +0800


Started GET "/assets/scaffolds.css?body=1" for 127.0.0.1 at 2016-01-31 23:27:16 +0800


Started GET "/assets/application.css?body=1" for 127.0.0.1 at 2016-01-31 23:27:16 +0800


Started GET "/assets/jquery.js?body=1" for 127.0.0.1 at 2016-01-31 23:27:16 +0800


Started GET "/assets/jobs.css?body=1" for 127.0.0.1 at 2016-01-31 23:27:16 +0800


Started GET "/assets/jquery_ujs.js?body=1" for 127.0.0.1 at 2016-01-31 23:27:16 +0800


Started GET "/assets/turbolinks.js?body=1" for 127.0.0.1 at 2016-01-31 23:27:16 +0800


Started GET "/assets/businesses.js?body=1" for 127.0.0.1 at 2016-01-31 23:27:16 +0800


Started GET "/assets/jobs.js?body=1" for 127.0.0.1 at 2016-01-31 23:27:16 +0800


Started GET "/assets/application.js?body=1" for 127.0.0.1 at 2016-01-31 23:27:16 +0800


Started GET "/" for 127.0.0.1 at 2016-01-31 23:27:17 +0800
Processing by HomeController#index as HTML
  Rendered home/index.haml within layouts/application (0.1ms)
  [1m[36mUser Load (0.2ms)[0m  [1mSELECT  "users".* FROM "users"  WHERE "users"."id" = 1  ORDER BY "users"."id" ASC LIMIT 1[0m
  Rendered layouts/components/shared/_navbar.html.haml (2.0ms)
Completed 200 OK in 43ms (Views: 42.1ms | ActiveRecord: 0.2ms)


Started GET "/assets/businesses.css?body=1" for 127.0.0.1 at 2016-01-31 23:27:18 +0800


Started GET "/assets/jquery.js?body=1" for 127.0.0.1 at 2016-01-31 23:27:18 +0800


Started GET "/assets/application.css?body=1" for 127.0.0.1 at 2016-01-31 23:27:18 +0800


Started GET "/assets/scaffolds.css?body=1" for 127.0.0.1 at 2016-01-31 23:27:18 +0800


Started GET "/assets/jobs.css?body=1" for 127.0.0.1 at 2016-01-31 23:27:18 +0800


Started GET "/assets/jquery_ujs.js?body=1" for 127.0.0.1 at 2016-01-31 23:27:18 +0800


Started GET "/assets/businesses.js?body=1" for 127.0.0.1 at 2016-01-31 23:27:18 +0800


Started GET "/assets/jobs.js?body=1" for 127.0.0.1 at 2016-01-31 23:27:18 +0800


Started GET "/assets/turbolinks.js?body=1" for 127.0.0.1 at 2016-01-31 23:27:18 +0800


Started GET "/assets/application.js?body=1" for 127.0.0.1 at 2016-01-31 23:27:18 +0800


Started GET "/users/sign_out" for 127.0.0.1 at 2016-01-31 23:27:19 +0800

ActionController::RoutingError (No route matches [GET] "/users/sign_out"):
  actionpack (4.1.14.1) lib/action_dispatch/middleware/debug_exceptions.rb:21:in `call'
  actionpack (4.1.14.1) lib/action_dispatch/middleware/show_exceptions.rb:30:in `call'
  railties (4.1.14.1) lib/rails/rack/logger.rb:38:in `call_app'
  railties (4.1.14.1) lib/rails/rack/logger.rb:20:in `block in call'
  activesupport (4.1.14.1) lib/active_support/tagged_logging.rb:68:in `block in tagged'
  activesupport (4.1.14.1) lib/active_support/tagged_logging.rb:26:in `tagged'
  activesupport (4.1.14.1) lib/active_support/tagged_logging.rb:68:in `tagged'
  railties (4.1.14.1) lib/rails/rack/logger.rb:20:in `call'
  actionpack (4.1.14.1) lib/action_dispatch/middleware/request_id.rb:21:in `call'
  rack (1.5.5) lib/rack/methodoverride.rb:21:in `call'
  rack (1.5.5) lib/rack/runtime.rb:17:in `call'
  activesupport (4.1.14.1) lib/active_support/cache/strategy/local_cache_middleware.rb:26:in `call'
  rack (1.5.5) lib/rack/lock.rb:17:in `call'
  actionpack (4.1.14.1) lib/action_dispatch/middleware/static.rb:84:in `call'
  rack (1.5.5) lib/rack/sendfile.rb:112:in `call'
  railties (4.1.14.1) lib/rails/engine.rb:514:in `call'
  railties (4.1.14.1) lib/rails/application.rb:144:in `call'
  rack (1.5.5) lib/rack/lock.rb:17:in `call'
  rack (1.5.5) lib/rack/content_length.rb:14:in `call'
  rack (1.5.5) lib/rack/handler/webrick.rb:60:in `service'
  /Users/nateguy/.rvm/rubies/ruby-2.3.0/lib/ruby/2.3.0/webrick/httpserver.rb:140:in `service'
  /Users/nateguy/.rvm/rubies/ruby-2.3.0/lib/ruby/2.3.0/webrick/httpserver.rb:96:in `run'
  /Users/nateguy/.rvm/rubies/ruby-2.3.0/lib/ruby/2.3.0/webrick/server.rb:296:in `block in start_thread'


  Rendered /Users/nateguy/.rvm/gems/ruby-2.3.0/gems/actionpack-4.1.14.1/lib/action_dispatch/middleware/templates/rescues/_trace.html.erb (0.9ms)
  Rendered /Users/nateguy/.rvm/gems/ruby-2.3.0/gems/actionpack-4.1.14.1/lib/action_dispatch/middleware/templates/routes/_route.html.erb (2.3ms)
  Rendered /Users/nateguy/.rvm/gems/ruby-2.3.0/gems/actionpack-4.1.14.1/lib/action_dispatch/middleware/templates/routes/_table.html.erb (1.3ms)
  Rendered /Users/nateguy/.rvm/gems/ruby-2.3.0/gems/actionpack-4.1.14.1/lib/action_dispatch/middleware/templates/rescues/routing_error.html.erb within rescues/layout (55.2ms)


Started GET "/users/sign_out" for 127.0.0.1 at 2016-01-31 23:27:19 +0800

ActionController::RoutingError (No route matches [GET] "/users/sign_out"):
  actionpack (4.1.14.1) lib/action_dispatch/middleware/debug_exceptions.rb:21:in `call'
  actionpack (4.1.14.1) lib/action_dispatch/middleware/show_exceptions.rb:30:in `call'
  railties (4.1.14.1) lib/rails/rack/logger.rb:38:in `call_app'
  railties (4.1.14.1) lib/rails/rack/logger.rb:20:in `block in call'
  activesupport (4.1.14.1) lib/active_support/tagged_logging.rb:68:in `block in tagged'
  activesupport (4.1.14.1) lib/active_support/tagged_logging.rb:26:in `tagged'
  activesupport (4.1.14.1) lib/active_support/tagged_logging.rb:68:in `tagged'
  railties (4.1.14.1) lib/rails/rack/logger.rb:20:in `call'
  actionpack (4.1.14.1) lib/action_dispatch/middleware/request_id.rb:21:in `call'
  rack (1.5.5) lib/rack/methodoverride.rb:21:in `call'
  rack (1.5.5) lib/rack/runtime.rb:17:in `call'
  activesupport (4.1.14.1) lib/active_support/cache/strategy/local_cache_middleware.rb:26:in `call'
  rack (1.5.5) lib/rack/lock.rb:17:in `call'
  actionpack (4.1.14.1) lib/action_dispatch/middleware/static.rb:84:in `call'
  rack (1.5.5) lib/rack/sendfile.rb:112:in `call'
  railties (4.1.14.1) lib/rails/engine.rb:514:in `call'
  railties (4.1.14.1) lib/rails/application.rb:144:in `call'
  rack (1.5.5) lib/rack/lock.rb:17:in `call'
  rack (1.5.5) lib/rack/content_length.rb:14:in `call'
  rack (1.5.5) lib/rack/handler/webrick.rb:60:in `service'
  /Users/nateguy/.rvm/rubies/ruby-2.3.0/lib/ruby/2.3.0/webrick/httpserver.rb:140:in `service'
  /Users/nateguy/.rvm/rubies/ruby-2.3.0/lib/ruby/2.3.0/webrick/httpserver.rb:96:in `run'
  /Users/nateguy/.rvm/rubies/ruby-2.3.0/lib/ruby/2.3.0/webrick/server.rb:296:in `block in start_thread'


  Rendered /Users/nateguy/.rvm/gems/ruby-2.3.0/gems/actionpack-4.1.14.1/lib/action_dispatch/middleware/templates/rescues/_trace.html.erb (1.0ms)
  Rendered /Users/nateguy/.rvm/gems/ruby-2.3.0/gems/actionpack-4.1.14.1/lib/action_dispatch/middleware/templates/routes/_route.html.erb (2.4ms)
  Rendered /Users/nateguy/.rvm/gems/ruby-2.3.0/gems/actionpack-4.1.14.1/lib/action_dispatch/middleware/templates/routes/_table.html.erb (1.2ms)
  Rendered /Users/nateguy/.rvm/gems/ruby-2.3.0/gems/actionpack-4.1.14.1/lib/action_dispatch/middleware/templates/rescues/routing_error.html.erb within rescues/layout (56.6ms)


Started GET "/users/sign_out" for 127.0.0.1 at 2016-01-31 23:30:42 +0800

ActionController::RoutingError (No route matches [GET] "/users/sign_out"):
  actionpack (4.1.14.1) lib/action_dispatch/middleware/debug_exceptions.rb:21:in `call'
  actionpack (4.1.14.1) lib/action_dispatch/middleware/show_exceptions.rb:30:in `call'
  railties (4.1.14.1) lib/rails/rack/logger.rb:38:in `call_app'
  railties (4.1.14.1) lib/rails/rack/logger.rb:20:in `block in call'
  activesupport (4.1.14.1) lib/active_support/tagged_logging.rb:68:in `block in tagged'
  activesupport (4.1.14.1) lib/active_support/tagged_logging.rb:26:in `tagged'
  activesupport (4.1.14.1) lib/active_support/tagged_logging.rb:68:in `tagged'
  railties (4.1.14.1) lib/rails/rack/logger.rb:20:in `call'
  actionpack (4.1.14.1) lib/action_dispatch/middleware/request_id.rb:21:in `call'
  rack (1.5.5) lib/rack/methodoverride.rb:21:in `call'
  rack (1.5.5) lib/rack/runtime.rb:17:in `call'
  activesupport (4.1.14.1) lib/active_support/cache/strategy/local_cache_middleware.rb:26:in `call'
  rack (1.5.5) lib/rack/lock.rb:17:in `call'
  actionpack (4.1.14.1) lib/action_dispatch/middleware/static.rb:84:in `call'
  rack (1.5.5) lib/rack/sendfile.rb:112:in `call'
  railties (4.1.14.1) lib/rails/engine.rb:514:in `call'
  railties (4.1.14.1) lib/rails/application.rb:144:in `call'
  rack (1.5.5) lib/rack/lock.rb:17:in `call'
  rack (1.5.5) lib/rack/content_length.rb:14:in `call'
  rack (1.5.5) lib/rack/handler/webrick.rb:60:in `service'
  /Users/nateguy/.rvm/rubies/ruby-2.3.0/lib/ruby/2.3.0/webrick/httpserver.rb:140:in `service'
  /Users/nateguy/.rvm/rubies/ruby-2.3.0/lib/ruby/2.3.0/webrick/httpserver.rb:96:in `run'
  /Users/nateguy/.rvm/rubies/ruby-2.3.0/lib/ruby/2.3.0/webrick/server.rb:296:in `block in start_thread'


  Rendered /Users/nateguy/.rvm/gems/ruby-2.3.0/gems/actionpack-4.1.14.1/lib/action_dispatch/middleware/templates/rescues/_trace.html.erb (1.0ms)
  Rendered /Users/nateguy/.rvm/gems/ruby-2.3.0/gems/actionpack-4.1.14.1/lib/action_dispatch/middleware/templates/routes/_route.html.erb (3.0ms)
  Rendered /Users/nateguy/.rvm/gems/ruby-2.3.0/gems/actionpack-4.1.14.1/lib/action_dispatch/middleware/templates/routes/_table.html.erb (1.0ms)
  Rendered /Users/nateguy/.rvm/gems/ruby-2.3.0/gems/actionpack-4.1.14.1/lib/action_dispatch/middleware/templates/rescues/routing_error.html.erb within rescues/layout (56.7ms)


Started GET "/" for 127.0.0.1 at 2016-01-31 23:30:44 +0800
Processing by HomeController#index as HTML
  Rendered home/index.haml within layouts/application (0.1ms)
  [1m[35mUser Load (0.2ms)[0m  SELECT  "users".* FROM "users"  WHERE "users"."id" = 1  ORDER BY "users"."id" ASC LIMIT 1
  Rendered layouts/components/shared/_navbar.html.haml (4.5ms)
Completed 200 OK in 43ms (Views: 42.2ms | ActiveRecord: 0.2ms)


Started GET "/assets/businesses.css?body=1" for 127.0.0.1 at 2016-01-31 23:30:44 +0800


Started GET "/assets/jobs.css?body=1" for 127.0.0.1 at 2016-01-31 23:30:44 +0800


Started GET "/assets/jquery_ujs.js?body=1" for 127.0.0.1 at 2016-01-31 23:30:44 +0800


Started GET "/assets/scaffolds.css?body=1" for 127.0.0.1 at 2016-01-31 23:30:44 +0800


Started GET "/assets/jquery.js?body=1" for 127.0.0.1 at 2016-01-31 23:30:44 +0800


Started GET "/assets/application.css?body=1" for 127.0.0.1 at 2016-01-31 23:30:44 +0800


Started GET "/assets/turbolinks.js?body=1" for 127.0.0.1 at 2016-01-31 23:30:44 +0800


Started GET "/assets/businesses.js?body=1" for 127.0.0.1 at 2016-01-31 23:30:44 +0800


Started GET "/assets/jobs.js?body=1" for 127.0.0.1 at 2016-01-31 23:30:44 +0800


Started GET "/assets/application.js?body=1" for 127.0.0.1 at 2016-01-31 23:30:44 +0800


Started GET "/users/sign_out" for 127.0.0.1 at 2016-01-31 23:30:46 +0800

ActionController::RoutingError (No route matches [GET] "/users/sign_out"):
  actionpack (4.1.14.1) lib/action_dispatch/middleware/debug_exceptions.rb:21:in `call'
  actionpack (4.1.14.1) lib/action_dispatch/middleware/show_exceptions.rb:30:in `call'
  railties (4.1.14.1) lib/rails/rack/logger.rb:38:in `call_app'
  railties (4.1.14.1) lib/rails/rack/logger.rb:20:in `block in call'
  activesupport (4.1.14.1) lib/active_support/tagged_logging.rb:68:in `block in tagged'
  activesupport (4.1.14.1) lib/active_support/tagged_logging.rb:26:in `tagged'
  activesupport (4.1.14.1) lib/active_support/tagged_logging.rb:68:in `tagged'
  railties (4.1.14.1) lib/rails/rack/logger.rb:20:in `call'
  actionpack (4.1.14.1) lib/action_dispatch/middleware/request_id.rb:21:in `call'
  rack (1.5.5) lib/rack/methodoverride.rb:21:in `call'
  rack (1.5.5) lib/rack/runtime.rb:17:in `call'
  activesupport (4.1.14.1) lib/active_support/cache/strategy/local_cache_middleware.rb:26:in `call'
  rack (1.5.5) lib/rack/lock.rb:17:in `call'
  actionpack (4.1.14.1) lib/action_dispatch/middleware/static.rb:84:in `call'
  rack (1.5.5) lib/rack/sendfile.rb:112:in `call'
  railties (4.1.14.1) lib/rails/engine.rb:514:in `call'
  railties (4.1.14.1) lib/rails/application.rb:144:in `call'
  rack (1.5.5) lib/rack/lock.rb:17:in `call'
  rack (1.5.5) lib/rack/content_length.rb:14:in `call'
  rack (1.5.5) lib/rack/handler/webrick.rb:60:in `service'
  /Users/nateguy/.rvm/rubies/ruby-2.3.0/lib/ruby/2.3.0/webrick/httpserver.rb:140:in `service'
  /Users/nateguy/.rvm/rubies/ruby-2.3.0/lib/ruby/2.3.0/webrick/httpserver.rb:96:in `run'
  /Users/nateguy/.rvm/rubies/ruby-2.3.0/lib/ruby/2.3.0/webrick/server.rb:296:in `block in start_thread'


  Rendered /Users/nateguy/.rvm/gems/ruby-2.3.0/gems/actionpack-4.1.14.1/lib/action_dispatch/middleware/templates/rescues/_trace.html.erb (0.9ms)
  Rendered /Users/nateguy/.rvm/gems/ruby-2.3.0/gems/actionpack-4.1.14.1/lib/action_dispatch/middleware/templates/routes/_route.html.erb (2.4ms)
  Rendered /Users/nateguy/.rvm/gems/ruby-2.3.0/gems/actionpack-4.1.14.1/lib/action_dispatch/middleware/templates/routes/_table.html.erb (1.1ms)
  Rendered /Users/nateguy/.rvm/gems/ruby-2.3.0/gems/actionpack-4.1.14.1/lib/action_dispatch/middleware/templates/rescues/routing_error.html.erb within rescues/layout (54.3ms)


Started GET "/users/sign_out" for 127.0.0.1 at 2016-01-31 23:30:46 +0800

ActionController::RoutingError (No route matches [GET] "/users/sign_out"):
  actionpack (4.1.14.1) lib/action_dispatch/middleware/debug_exceptions.rb:21:in `call'
  actionpack (4.1.14.1) lib/action_dispatch/middleware/show_exceptions.rb:30:in `call'
  railties (4.1.14.1) lib/rails/rack/logger.rb:38:in `call_app'
  railties (4.1.14.1) lib/rails/rack/logger.rb:20:in `block in call'
  activesupport (4.1.14.1) lib/active_support/tagged_logging.rb:68:in `block in tagged'
  activesupport (4.1.14.1) lib/active_support/tagged_logging.rb:26:in `tagged'
  activesupport (4.1.14.1) lib/active_support/tagged_logging.rb:68:in `tagged'
  railties (4.1.14.1) lib/rails/rack/logger.rb:20:in `call'
  actionpack (4.1.14.1) lib/action_dispatch/middleware/request_id.rb:21:in `call'
  rack (1.5.5) lib/rack/methodoverride.rb:21:in `call'
  rack (1.5.5) lib/rack/runtime.rb:17:in `call'
  activesupport (4.1.14.1) lib/active_support/cache/strategy/local_cache_middleware.rb:26:in `call'
  rack (1.5.5) lib/rack/lock.rb:17:in `call'
  actionpack (4.1.14.1) lib/action_dispatch/middleware/static.rb:84:in `call'
  rack (1.5.5) lib/rack/sendfile.rb:112:in `call'
  railties (4.1.14.1) lib/rails/engine.rb:514:in `call'
  railties (4.1.14.1) lib/rails/application.rb:144:in `call'
  rack (1.5.5) lib/rack/lock.rb:17:in `call'
  rack (1.5.5) lib/rack/content_length.rb:14:in `call'
  rack (1.5.5) lib/rack/handler/webrick.rb:60:in `service'
  /Users/nateguy/.rvm/rubies/ruby-2.3.0/lib/ruby/2.3.0/webrick/httpserver.rb:140:in `service'
  /Users/nateguy/.rvm/rubies/ruby-2.3.0/lib/ruby/2.3.0/webrick/httpserver.rb:96:in `run'
  /Users/nateguy/.rvm/rubies/ruby-2.3.0/lib/ruby/2.3.0/webrick/server.rb:296:in `block in start_thread'


  Rendered /Users/nateguy/.rvm/gems/ruby-2.3.0/gems/actionpack-4.1.14.1/lib/action_dispatch/middleware/templates/rescues/_trace.html.erb (1.1ms)
  Rendered /Users/nateguy/.rvm/gems/ruby-2.3.0/gems/actionpack-4.1.14.1/lib/action_dispatch/middleware/templates/routes/_route.html.erb (2.0ms)
  Rendered /Users/nateguy/.rvm/gems/ruby-2.3.0/gems/actionpack-4.1.14.1/lib/action_dispatch/middleware/templates/routes/_table.html.erb (1.0ms)
  Rendered /Users/nateguy/.rvm/gems/ruby-2.3.0/gems/actionpack-4.1.14.1/lib/action_dispatch/middleware/templates/rescues/routing_error.html.erb within rescues/layout (52.6ms)


Started GET "/" for 127.0.0.1 at 2016-01-31 23:30:50 +0800
Processing by HomeController#index as HTML
  Rendered home/index.haml within layouts/application (0.1ms)
  [1m[36mUser Load (0.2ms)[0m  [1mSELECT  "users".* FROM "users"  WHERE "users"."id" = 1  ORDER BY "users"."id" ASC LIMIT 1[0m
  Rendered layouts/components/shared/_navbar.html.haml (1.7ms)
Completed 200 OK in 32ms (Views: 31.4ms | ActiveRecord: 0.2ms)


Started GET "/assets/businesses.css?body=1" for 127.0.0.1 at 2016-01-31 23:30:50 +0800


Started GET "/assets/jobs.css?body=1" for 127.0.0.1 at 2016-01-31 23:30:50 +0800


Started GET "/assets/jquery.js?body=1" for 127.0.0.1 at 2016-01-31 23:30:50 +0800


Started GET "/assets/application.css?body=1" for 127.0.0.1 at 2016-01-31 23:30:50 +0800


Started GET "/assets/jquery_ujs.js?body=1" for 127.0.0.1 at 2016-01-31 23:30:50 +0800


Started GET "/assets/scaffolds.css?body=1" for 127.0.0.1 at 2016-01-31 23:30:50 +0800


Started GET "/assets/turbolinks.js?body=1" for 127.0.0.1 at 2016-01-31 23:30:50 +0800


Started GET "/assets/businesses.js?body=1" for 127.0.0.1 at 2016-01-31 23:30:50 +0800


Started GET "/assets/jobs.js?body=1" for 127.0.0.1 at 2016-01-31 23:30:50 +0800


Started GET "/assets/application.js?body=1" for 127.0.0.1 at 2016-01-31 23:30:50 +0800
  [1m[36mActiveRecord::SchemaMigration Load (1.2ms)[0m  [1mSELECT "schema_migrations".* FROM "schema_migrations"[0m
  [1m[35m (0.1ms)[0m  begin transaction
  [1m[36m (0.1ms)[0m  [1m            SELECT sql
            FROM sqlite_master
            WHERE name='index_users_on_reset_password_token' AND type='index'
            UNION ALL
            SELECT sql
            FROM sqlite_temp_master
            WHERE name='index_users_on_reset_password_token' AND type='index'
[0m
  [1m[35m (0.1ms)[0m              SELECT sql
            FROM sqlite_master
            WHERE name='index_users_on_email' AND type='index'
            UNION ALL
            SELECT sql
            FROM sqlite_temp_master
            WHERE name='index_users_on_email' AND type='index'

  [1m[36m (1.5ms)[0m  [1mDROP INDEX "index_users_on_reset_password_token"[0m
  [1m[35m (0.1ms)[0m              SELECT sql
            FROM sqlite_master
            WHERE name='index_users_on_email' AND type='index'
            UNION ALL
            SELECT sql
            FROM sqlite_temp_master
            WHERE name='index_users_on_email' AND type='index'

  [1m[36m (1.3ms)[0m  [1mDROP INDEX "index_users_on_email"[0m
  [1m[35m (0.9ms)[0m  DROP TABLE "users"
  [1m[36mSQL (0.2ms)[0m  [1mDELETE FROM "schema_migrations" WHERE "schema_migrations"."version" = '20160128130025'[0m
  [1m[35m (2.2ms)[0m  commit transaction
  [1m[36mActiveRecord::SchemaMigration Load (0.1ms)[0m  [1mSELECT "schema_migrations".* FROM "schema_migrations"[0m
  [1m[36mActiveRecord::SchemaMigration Load (0.1ms)[0m  [1mSELECT "schema_migrations".* FROM "schema_migrations"[0m
  [1m[35mActiveRecord::SchemaMigration Load (0.1ms)[0m  SELECT "schema_migrations".* FROM "schema_migrations"
  [1m[36mActiveRecord::SchemaMigration Load (0.4ms)[0m  [1mSELECT "schema_migrations".* FROM "schema_migrations"[0m
  [1m[35m (0.1ms)[0m  begin transaction
  [1m[36m (0.5ms)[0m  [1mCREATE TABLE "users" ("id" INTEGER PRIMARY KEY AUTOINCREMENT NOT NULL, "email" varchar(255) DEFAULT '' NOT NULL, "encrypted_password" varchar(255) DEFAULT '' NOT NULL, "reset_password_token" varchar(255), "reset_password_sent_at" datetime, "remember_created_at" datetime, "sign_in_count" integer DEFAULT 0 NOT NULL, "current_sign_in_at" datetime, "last_sign_in_at" datetime, "current_sign_in_ip" varchar(255), "last_sign_in_ip" varchar(255), "business_id" integer, "created_at" datetime NOT NULL, "updated_at" datetime NOT NULL) [0m
  [1m[35m (0.1ms)[0m  select sqlite_version(*)
  [1m[36m (1.5ms)[0m  [1mCREATE UNIQUE INDEX "index_users_on_email" ON "users" ("email")[0m
  [1m[35m (0.1ms)[0m              SELECT sql
            FROM sqlite_master
            WHERE name='index_users_on_email' AND type='index'
            UNION ALL
            SELECT sql
            FROM sqlite_temp_master
            WHERE name='index_users_on_email' AND type='index'

  [1m[36m (0.1ms)[0m  [1mCREATE UNIQUE INDEX "index_users_on_reset_password_token" ON "users" ("reset_password_token")[0m
  [1m[35mSQL (0.2ms)[0m  INSERT INTO "schema_migrations" ("version") VALUES (?)  [["version", "20160128130025"]]
  [1m[36m (1.7ms)[0m  [1mcommit transaction[0m
  [1m[35mActiveRecord::SchemaMigration Load (0.1ms)[0m  SELECT "schema_migrations".* FROM "schema_migrations"
  [1m[36m (0.1ms)[0m  [1m            SELECT sql
            FROM sqlite_master
            WHERE name='index_users_on_reset_password_token' AND type='index'
            UNION ALL
            SELECT sql
            FROM sqlite_temp_master
            WHERE name='index_users_on_reset_password_token' AND type='index'
[0m
  [1m[35m (0.1ms)[0m              SELECT sql
            FROM sqlite_master
            WHERE name='index_users_on_email' AND type='index'
            UNION ALL
            SELECT sql
            FROM sqlite_temp_master
            WHERE name='index_users_on_email' AND type='index'

  [1m[36mActiveRecord::SchemaMigration Load (1.1ms)[0m  [1mSELECT "schema_migrations".* FROM "schema_migrations"[0m
  [1m[35m (0.1ms)[0m  begin transaction
  [1m[36m (0.1ms)[0m  [1m            SELECT sql
            FROM sqlite_master
            WHERE name='index_users_on_reset_password_token' AND type='index'
            UNION ALL
            SELECT sql
            FROM sqlite_temp_master
            WHERE name='index_users_on_reset_password_token' AND type='index'
[0m
  [1m[35m (0.1ms)[0m              SELECT sql
            FROM sqlite_master
            WHERE name='index_users_on_email' AND type='index'
            UNION ALL
            SELECT sql
            FROM sqlite_temp_master
            WHERE name='index_users_on_email' AND type='index'

  [1m[36m (1.3ms)[0m  [1mDROP INDEX "index_users_on_reset_password_token"[0m
  [1m[35m (0.1ms)[0m              SELECT sql
            FROM sqlite_master
            WHERE name='index_users_on_email' AND type='index'
            UNION ALL
            SELECT sql
            FROM sqlite_temp_master
            WHERE name='index_users_on_email' AND type='index'

  [1m[36m (1.6ms)[0m  [1mDROP INDEX "index_users_on_email"[0m
  [1m[35m (1.6ms)[0m  DROP TABLE "users"
  [1m[36mSQL (0.1ms)[0m  [1mDELETE FROM "schema_migrations" WHERE "schema_migrations"."version" = '20160128130025'[0m
  [1m[35m (1.5ms)[0m  commit transaction
  [1m[36mActiveRecord::SchemaMigration Load (0.2ms)[0m  [1mSELECT "schema_migrations".* FROM "schema_migrations"[0m
  [1m[36mActiveRecord::SchemaMigration Load (0.1ms)[0m  [1mSELECT "schema_migrations".* FROM "schema_migrations"[0m
  [1m[35m (0.1ms)[0m  begin transaction
  [1m[36m (1.4ms)[0m  [1mDROP TABLE "businesses"[0m
  [1m[35mSQL (0.2ms)[0m  DELETE FROM "schema_migrations" WHERE "schema_migrations"."version" = '20160128125750'
  [1m[36m (2.2ms)[0m  [1mcommit transaction[0m
  [1m[35mActiveRecord::SchemaMigration Load (0.3ms)[0m  SELECT "schema_migrations".* FROM "schema_migrations"
  [1m[36mActiveRecord::SchemaMigration Load (0.1ms)[0m  [1mSELECT "schema_migrations".* FROM "schema_migrations"[0m
  [1m[35m (0.1ms)[0m  begin transaction
  [1m[36m (0.5ms)[0m  [1mCREATE TABLE "businesses" ("id" INTEGER PRIMARY KEY AUTOINCREMENT NOT NULL, "name" varchar(255), "type" varchar(255), "created_at" datetime, "updated_at" datetime, "user_id" integer) [0m
  [1m[35mSQL (0.2ms)[0m  INSERT INTO "schema_migrations" ("version") VALUES (?)  [["version", "20160128125750"]]
  [1m[36m (1.5ms)[0m  [1mcommit transaction[0m
  [1m[35mActiveRecord::SchemaMigration Load (0.2ms)[0m  SELECT "schema_migrations".* FROM "schema_migrations"
  [1m[36mActiveRecord::SchemaMigration Load (0.1ms)[0m  [1mSELECT "schema_migrations".* FROM "schema_migrations"[0m
  [1m[35m (0.1ms)[0m  begin transaction
  [1m[36m (0.5ms)[0m  [1mCREATE TABLE "users" ("id" INTEGER PRIMARY KEY AUTOINCREMENT NOT NULL, "email" varchar(255) DEFAULT '' NOT NULL, "encrypted_password" varchar(255) DEFAULT '' NOT NULL, "reset_password_token" varchar(255), "reset_password_sent_at" datetime, "remember_created_at" datetime, "sign_in_count" integer DEFAULT 0 NOT NULL, "current_sign_in_at" datetime, "last_sign_in_at" datetime, "current_sign_in_ip" varchar(255), "last_sign_in_ip" varchar(255), "created_at" datetime NOT NULL, "updated_at" datetime NOT NULL) [0m
  [1m[35m (0.1ms)[0m  select sqlite_version(*)
  [1m[36m (0.5ms)[0m  [1mCREATE UNIQUE INDEX "index_users_on_email" ON "users" ("email")[0m
  [1m[35m (0.4ms)[0m              SELECT sql
            FROM sqlite_master
            WHERE name='index_users_on_email' AND type='index'
            UNION ALL
            SELECT sql
            FROM sqlite_temp_master
            WHERE name='index_users_on_email' AND type='index'

  [1m[36m (0.1ms)[0m  [1mCREATE UNIQUE INDEX "index_users_on_reset_password_token" ON "users" ("reset_password_token")[0m
  [1m[35mSQL (0.2ms)[0m  INSERT INTO "schema_migrations" ("version") VALUES (?)  [["version", "20160128130025"]]
  [1m[36m (1.8ms)[0m  [1mcommit transaction[0m
  [1m[35mActiveRecord::SchemaMigration Load (0.1ms)[0m  SELECT "schema_migrations".* FROM "schema_migrations"
  [1m[36m (0.1ms)[0m  [1m            SELECT sql
            FROM sqlite_master
            WHERE name='index_users_on_reset_password_token' AND type='index'
            UNION ALL
            SELECT sql
            FROM sqlite_temp_master
            WHERE name='index_users_on_reset_password_token' AND type='index'
[0m
  [1m[35m (0.1ms)[0m              SELECT sql
            FROM sqlite_master
            WHERE name='index_users_on_email' AND type='index'
            UNION ALL
            SELECT sql
            FROM sqlite_temp_master
            WHERE name='index_users_on_email' AND type='index'

  [1m[36mUser Load (1.5ms)[0m  [1mSELECT  "users".* FROM "users"   ORDER BY "users"."id" ASC LIMIT 1[0m


Started GET "/" for 127.0.0.1 at 2016-02-07 01:37:07 +0800
  [1m[36mActiveRecord::SchemaMigration Load (1.3ms)[0m  [1mSELECT "schema_migrations".* FROM "schema_migrations"[0m
Processing by HomeController#index as HTML
  Rendered home/index.haml within layouts/application (4.5ms)
  Rendered layouts/components/shared/_navbar.html.haml (7.3ms)
Completed 200 OK in 164ms (Views: 152.2ms | ActiveRecord: 0.0ms)


Started GET "/assets/businesses.css?body=1" for 127.0.0.1 at 2016-02-07 01:37:07 +0800


Started GET "/assets/scaffolds.css?body=1" for 127.0.0.1 at 2016-02-07 01:37:07 +0800


Started GET "/assets/jobs.css?body=1" for 127.0.0.1 at 2016-02-07 01:37:07 +0800


Started GET "/assets/jquery.js?body=1" for 127.0.0.1 at 2016-02-07 01:37:07 +0800


Started GET "/assets/jquery_ujs.js?body=1" for 127.0.0.1 at 2016-02-07 01:37:07 +0800


Started GET "/assets/application.css?body=1" for 127.0.0.1 at 2016-02-07 01:37:07 +0800


Started GET "/assets/turbolinks.js?body=1" for 127.0.0.1 at 2016-02-07 01:37:07 +0800


Started GET "/assets/jobs.js?body=1" for 127.0.0.1 at 2016-02-07 01:37:07 +0800


Started GET "/assets/businesses.js?body=1" for 127.0.0.1 at 2016-02-07 01:37:07 +0800


Started GET "/assets/application.js?body=1" for 127.0.0.1 at 2016-02-07 01:37:07 +0800


Started GET "/users/sign_up" for 127.0.0.1 at 2016-02-07 01:37:11 +0800
Processing by Devise::RegistrationsController#new as HTML
  Rendered devise/shared/_links.html.erb (1.2ms)
  Rendered devise/registrations/new.html.erb within layouts/application (48.8ms)
  Rendered layouts/components/shared/_navbar.html.haml (0.9ms)
Completed 200 OK in 91ms (Views: 88.4ms | ActiveRecord: 0.4ms)


Started GET "/assets/jquery.js?body=1" for 127.0.0.1 at 2016-02-07 01:37:11 +0800


Started GET "/assets/turbolinks.js?body=1" for 127.0.0.1 at 2016-02-07 01:37:11 +0800


Started POST "/users" for 127.0.0.1 at 2016-02-07 01:37:26 +0800
Processing by Devise::RegistrationsController#create as HTML
  Parameters: {"utf8"=>"âœ“", "authenticity_token"=>"UvlCgkfkNpo7qlWKezCgWQhaNyl/clhq5OnU0YB5nkc=", "user"=>{"email"=>"nateguy@gmail.com", "password"=>"[FILTERED]", "password_confirmation"=>"[FILTERED]"}, "commit"=>"Sign up"}
  [1m[35m (0.1ms)[0m  begin transaction
  [1m[36mUser Exists (1.2ms)[0m  [1mSELECT  1 AS one FROM "users"  WHERE "users"."email" = 'nateguy@gmail.com' LIMIT 1[0m
Binary data inserted for `string` type on column `encrypted_password`
  [1m[35mSQL (1.8ms)[0m  INSERT INTO "users" ("created_at", "email", "encrypted_password", "updated_at") VALUES (?, ?, ?, ?)  [["created_at", "2016-02-06 17:37:26.394658"], ["email", "nateguy@gmail.com"], ["encrypted_password", "$2a$10$PVjeTbZPvGRZvrNuyKbn8uYvd/2Iq13lsie1kvOLDciHir53JLRCO"], ["updated_at", "2016-02-06 17:37:26.394658"]]
  [1m[36m (2.2ms)[0m  [1mcommit transaction[0m
  [1m[35m (0.1ms)[0m  begin transaction
Binary data inserted for `string` type on column `current_sign_in_ip`
Binary data inserted for `string` type on column `last_sign_in_ip`
  [1m[36mSQL (0.4ms)[0m  [1mUPDATE "users" SET "current_sign_in_at" = ?, "current_sign_in_ip" = ?, "last_sign_in_at" = ?, "last_sign_in_ip" = ?, "sign_in_count" = ?, "updated_at" = ? WHERE "users"."id" = 1[0m  [["current_sign_in_at", "2016-02-06 17:37:26.403641"], ["current_sign_in_ip", "127.0.0.1"], ["last_sign_in_at", "2016-02-06 17:37:26.403641"], ["last_sign_in_ip", "127.0.0.1"], ["sign_in_count", 1], ["updated_at", "2016-02-06 17:37:26.404673"]]
  [1m[35m (1.6ms)[0m  commit transaction
Redirected to http://0.0.0.0:3000/
Completed 302 Found in 131ms (ActiveRecord: 7.4ms)


Started GET "/" for 127.0.0.1 at 2016-02-07 01:37:26 +0800
Processing by HomeController#index as HTML
  Rendered home/index.haml within layouts/application (0.1ms)
  [1m[36mUser Load (0.2ms)[0m  [1mSELECT  "users".* FROM "users"  WHERE "users"."id" = 1  ORDER BY "users"."id" ASC LIMIT 1[0m
  Rendered layouts/components/shared/_navbar.html.haml (10.0ms)
Completed 200 OK in 45ms (Views: 44.5ms | ActiveRecord: 0.2ms)


Started GET "/assets/jquery.js?body=1" for 127.0.0.1 at 2016-02-07 01:37:26 +0800


Started GET "/assets/turbolinks.js?body=1" for 127.0.0.1 at 2016-02-07 01:37:26 +0800


Started GET "/assets/jquery_ujs.js?body=1" for 127.0.0.1 at 2016-02-07 01:37:26 +0800


Started GET "/businesses" for 127.0.0.1 at 2016-02-07 01:37:29 +0800
Processing by BusinessesController#index as HTML
  [1m[35mBusiness Load (1.4ms)[0m  SELECT "businesses".* FROM "businesses"
  Rendered businesses/index.html.haml within layouts/application (4.4ms)
  [1m[36mUser Load (0.2ms)[0m  [1mSELECT  "users".* FROM "users"  WHERE "users"."id" = 1  ORDER BY "users"."id" ASC LIMIT 1[0m
  Rendered layouts/components/shared/_navbar.html.haml (3.8ms)
Completed 200 OK in 53ms (Views: 43.3ms | ActiveRecord: 1.6ms)


Started GET "/assets/jquery.js?body=1" for 127.0.0.1 at 2016-02-07 01:37:29 +0800


Started GET "/assets/jquery_ujs.js?body=1" for 127.0.0.1 at 2016-02-07 01:37:29 +0800


Started GET "/assets/application.js?body=1" for 127.0.0.1 at 2016-02-07 01:37:29 +0800


Started GET "/assets/turbolinks.js?body=1" for 127.0.0.1 at 2016-02-07 01:37:29 +0800


Started GET "/assets/jobs.js?body=1" for 127.0.0.1 at 2016-02-07 01:37:29 +0800


Started GET "/assets/businesses.js?body=1" for 127.0.0.1 at 2016-02-07 01:37:29 +0800
  [1m[36mUser Load (0.2ms)[0m  [1mSELECT  "users".* FROM "users"   ORDER BY "users"."id" DESC LIMIT 1[0m
  [1m[35mUser Load (0.5ms)[0m  SELECT  "users".* FROM "users"   ORDER BY "users"."id" DESC LIMIT 1
  [1m[36mBusiness Load (0.2ms)[0m  [1mSELECT "businesses".* FROM "businesses"  WHERE "businesses"."user_id" = ?[0m  [["user_id", 1]]
  [1m[35mUser Load (0.5ms)[0m  SELECT  "users".* FROM "users"   ORDER BY "users"."id" DESC LIMIT 1
  [1m[36mUser Load (0.3ms)[0m  [1mSELECT  "users".* FROM "users"   ORDER BY "users"."id" DESC LIMIT 1[0m
  [1m[35m (0.2ms)[0m  begin transaction
  [1m[36mSQL (0.6ms)[0m  [1mINSERT INTO "businesses" ("created_at", "name", "type", "updated_at", "user_id") VALUES (?, ?, ?, ?, ?)[0m  [["created_at", "2016-02-06 17:39:24.566263"], ["name", "weird"], ["type", "asshole"], ["updated_at", "2016-02-06 17:39:24.566263"], ["user_id", 1]]
  [1m[35m (1.7ms)[0m  commit transaction
  [1m[36mUser Load (0.3ms)[0m  [1mSELECT  "users".* FROM "users"   ORDER BY "users"."id" DESC LIMIT 1[0m
  [1m[35mBusiness Load (0.2ms)[0m  SELECT "businesses".* FROM "businesses"  WHERE "businesses"."user_id" = ?  [["user_id", 1]]
  [1m[36mActiveRecord::SchemaMigration Load (0.1ms)[0m  [1mSELECT "schema_migrations".* FROM "schema_migrations"[0m
  [1m[35m (0.2ms)[0m  begin transaction
  [1m[36m (0.5ms)[0m  [1mDROP TABLE "businesses"[0m
  [1m[35mSQL (0.1ms)[0m  DELETE FROM "schema_migrations" WHERE "schema_migrations"."version" = '20160128125750'
  [1m[36m (1.3ms)[0m  [1mcommit transaction[0m
  [1m[35mActiveRecord::SchemaMigration Load (0.1ms)[0m  SELECT "schema_migrations".* FROM "schema_migrations"
  [1m[36m (0.3ms)[0m  [1m            SELECT sql
            FROM sqlite_master
            WHERE name='index_users_on_reset_password_token' AND type='index'
            UNION ALL
            SELECT sql
            FROM sqlite_temp_master
            WHERE name='index_users_on_reset_password_token' AND type='index'
[0m
  [1m[35m (0.2ms)[0m              SELECT sql
            FROM sqlite_master
            WHERE name='index_users_on_email' AND type='index'
            UNION ALL
            SELECT sql
            FROM sqlite_temp_master
            WHERE name='index_users_on_email' AND type='index'

  [1m[36mActiveRecord::SchemaMigration Load (0.1ms)[0m  [1mSELECT "schema_migrations".* FROM "schema_migrations"[0m
  [1m[35m (0.1ms)[0m  begin transaction
  [1m[36m (0.7ms)[0m  [1mCREATE TABLE "businesses" ("id" INTEGER PRIMARY KEY AUTOINCREMENT NOT NULL, "name" varchar(255), "category" varchar(255), "created_at" datetime, "updated_at" datetime, "user_id" integer) [0m
  [1m[35mSQL (0.2ms)[0m  INSERT INTO "schema_migrations" ("version") VALUES (?)  [["version", "20160128125750"]]
  [1m[36m (1.5ms)[0m  [1mcommit transaction[0m
  [1m[35mActiveRecord::SchemaMigration Load (0.2ms)[0m  SELECT "schema_migrations".* FROM "schema_migrations"
  [1m[36m (0.4ms)[0m  [1m            SELECT sql
            FROM sqlite_master
            WHERE name='index_users_on_reset_password_token' AND type='index'
            UNION ALL
            SELECT sql
            FROM sqlite_temp_master
            WHERE name='index_users_on_reset_password_token' AND type='index'
[0m
  [1m[35m (0.8ms)[0m              SELECT sql
            FROM sqlite_master
            WHERE name='index_users_on_email' AND type='index'
            UNION ALL
            SELECT sql
            FROM sqlite_temp_master
            WHERE name='index_users_on_email' AND type='index'

  [1m[36mUser Load (1.2ms)[0m  [1mSELECT  "users".* FROM "users"   ORDER BY "users"."id" DESC LIMIT 1[0m
  [1m[35mBusiness Load (1.5ms)[0m  SELECT "businesses".* FROM "businesses"  WHERE "businesses"."user_id" = ?  [["user_id", 1]]
  [1m[36mBusiness Load (0.4ms)[0m  [1mSELECT "businesses".* FROM "businesses"[0m
  [1m[35mUser Load (0.4ms)[0m  SELECT  "users".* FROM "users"   ORDER BY "users"."id" DESC LIMIT 1
  [1m[36mUser Load (0.3ms)[0m  [1mSELECT  "users".* FROM "users"   ORDER BY "users"."id" DESC LIMIT 1[0m
  [1m[35m (0.2ms)[0m  begin transaction
  [1m[36mSQL (1.6ms)[0m  [1mINSERT INTO "businesses" ("category", "created_at", "name", "updated_at", "user_id") VALUES (?, ?, ?, ?, ?)[0m  [["category", "hey"], ["created_at", "2016-02-06 18:04:31.749806"], ["name", "tt"], ["updated_at", "2016-02-06 18:04:31.749806"], ["user_id", 1]]
  [1m[35m (1.5ms)[0m  commit transaction
  [1m[36mUser Load (0.4ms)[0m  [1mSELECT  "users".* FROM "users"   ORDER BY "users"."id" DESC LIMIT 1[0m
  [1m[35mBusiness Load (0.1ms)[0m  SELECT "businesses".* FROM "businesses"  WHERE "businesses"."user_id" = ?  [["user_id", 1]]
  [1m[36mUser Load (0.3ms)[0m  [1mSELECT  "users".* FROM "users"   ORDER BY "users"."id" DESC LIMIT 1[0m
  [1m[35mBusiness Load (0.2ms)[0m  SELECT "businesses".* FROM "businesses"  WHERE "businesses"."user_id" = ?  [["user_id", 1]]
  [1m[36mUser Load (0.3ms)[0m  [1mSELECT  "users".* FROM "users"   ORDER BY "users"."id" DESC LIMIT 1[0m
  [1m[35mBusiness Load (0.4ms)[0m  SELECT  "businesses".* FROM "businesses"  WHERE "businesses"."user_id" = ?  ORDER BY "businesses"."id" ASC LIMIT 1  [["user_id", 1]]
  [1m[36mUser Load (0.3ms)[0m  [1mSELECT  "users".* FROM "users"   ORDER BY "users"."id" DESC LIMIT 1[0m
  [1m[35mBusiness Load (0.3ms)[0m  SELECT  "businesses".* FROM "businesses"  WHERE "businesses"."user_id" = ?  ORDER BY "businesses"."id" DESC LIMIT 1  [["user_id", 1]]
  [1m[36mUser Load (0.3ms)[0m  [1mSELECT  "users".* FROM "users"   ORDER BY "users"."id" DESC LIMIT 1[0m
  [1m[35mBusiness Load (0.2ms)[0m  SELECT "businesses".* FROM "businesses"  WHERE "businesses"."user_id" = ?  [["user_id", 1]]
